-- Install configuration: ""
-- Execute custom install script
-- Symlinking: /home/parallels/dev_ws/install/my_package/share/my_package/launch/listener.launch.py
-- Symlinking: /home/parallels/dev_ws/install/my_package/share/my_package/launch/robot_state_publisher.launch.py
-- Symlinking: /home/parallels/dev_ws/install/my_package/share/my_package/launch/rsp.launch.py
-- Symlinking: /home/parallels/dev_ws/install/my_package/share/my_package/launch/rsp_sim.launch.py
-- Symlinking: /home/parallels/dev_ws/install/my_package/share/my_package/launch/talker.launch.py
-- Symlinking: /home/parallels/dev_ws/install/my_package/share/ament_index/resource_index/package_run_dependencies/my_package
-- Symlinking: /home/parallels/dev_ws/install/my_package/share/ament_index/resource_index/parent_prefix_path/my_package
-- Symlinking: /home/parallels/dev_ws/install/my_package/share/my_package/environment/ament_prefix_path.sh
-- Symlinking: /home/parallels/dev_ws/install/my_package/share/my_package/environment/ament_prefix_path.dsv
-- Symlinking: /home/parallels/dev_ws/install/my_package/share/my_package/environment/path.sh
-- Symlinking: /home/parallels/dev_ws/install/my_package/share/my_package/environment/path.dsv
-- Symlinking: /home/parallels/dev_ws/install/my_package/share/my_package/local_setup.bash
-- Symlinking: /home/parallels/dev_ws/install/my_package/share/my_package/local_setup.sh
-- Symlinking: /home/parallels/dev_ws/install/my_package/share/my_package/local_setup.zsh
-- Symlinking: /home/parallels/dev_ws/install/my_package/share/my_package/local_setup.dsv
-- Symlinking: /home/parallels/dev_ws/install/my_package/share/my_package/package.dsv
-- Symlinking: /home/parallels/dev_ws/install/my_package/share/ament_index/resource_index/packages/my_package
-- Symlinking: /home/parallels/dev_ws/install/my_package/share/my_package/cmake/my_packageConfig.cmake
-- Symlinking: /home/parallels/dev_ws/install/my_package/share/my_package/cmake/my_packageConfig-version.cmake
-- Symlinking: /home/parallels/dev_ws/install/my_package/share/my_package/package.xml
