[0.190s] Invoking command in '/home/parallels/dev_ws/build/my_package': CMAKE_PREFIX_PATH=${CMAKE_PREFIX_PATH}:/opt/ros/humble /usr/bin/cmake /home/parallels/dev_ws/src/my_package -DAMENT_CMAKE_SYMLINK_INSTALL=1 -DCMAKE_INSTALL_PREFIX=/home/parallels/dev_ws/install/my_package
[0.673s] -- The C compiler identification is GNU 11.4.0
[0.924s] -- The CXX compiler identification is GNU 11.4.0
[0.967s] -- Detecting C compiler ABI info
[1.195s] -- Detecting C compiler ABI info - done
[1.215s] -- Check for working C compiler: /usr/bin/cc - skipped
[1.217s] -- Detecting C compile features
[1.220s] -- Detecting C compile features - done
[1.226s] -- Detecting CXX compiler ABI info
[1.377s] -- Detecting CXX compiler ABI info - done
[1.399s] -- Check for working CXX compiler: /usr/bin/c++ - skipped
[1.399s] -- Detecting CXX compile features
[1.400s] -- Detecting CXX compile features - done
[1.431s] -- Found ament_cmake: 1.3.7 (/opt/ros/humble/share/ament_cmake/cmake)
[1.904s] -- Found Python3: /usr/bin/python3.10 (found version "3.10.12") found components: Interpreter 
[2.159s] -- Override CMake install command with custom implementation using symlinks instead of copying resources
[2.256s] -- Found ament_lint_auto: 0.12.10 (/opt/ros/humble/share/ament_lint_auto/cmake)
[2.669s] -- Added test 'flake8' to check Python code syntax and style conventions
[2.672s] -- Added test 'lint_cmake' to check CMake code style
[2.673s] -- Added test 'pep257' to check Python code against some of the docstring style conventions in PEP 257
[2.676s] -- Added test 'xmllint' to check XML markup files
[2.687s] -- Configuring done
[2.695s] -- Generating done
[2.696s] -- Build files have been written to: /home/parallels/dev_ws/build/my_package
[2.716s] Invoked command in '/home/parallels/dev_ws/build/my_package' returned '0': CMAKE_PREFIX_PATH=${CMAKE_PREFIX_PATH}:/opt/ros/humble /usr/bin/cmake /home/parallels/dev_ws/src/my_package -DAMENT_CMAKE_SYMLINK_INSTALL=1 -DCMAKE_INSTALL_PREFIX=/home/parallels/dev_ws/install/my_package
[2.722s] Invoking command in '/home/parallels/dev_ws/build/my_package': CMAKE_PREFIX_PATH=${CMAKE_PREFIX_PATH}:/opt/ros/humble /usr/bin/cmake --build /home/parallels/dev_ws/build/my_package -- -j2 -l2
[2.866s] Invoked command in '/home/parallels/dev_ws/build/my_package' returned '0': CMAKE_PREFIX_PATH=${CMAKE_PREFIX_PATH}:/opt/ros/humble /usr/bin/cmake --build /home/parallels/dev_ws/build/my_package -- -j2 -l2
[3.112s] Invoking command in '/home/parallels/dev_ws/build/my_package': CMAKE_PREFIX_PATH=${CMAKE_PREFIX_PATH}:/opt/ros/humble /usr/bin/cmake --install /home/parallels/dev_ws/build/my_package
[3.188s] -- Install configuration: ""
[3.192s] -- Execute custom install script
[3.193s] -- Symlinking: /home/parallels/dev_ws/install/my_package/share/ament_index/resource_index/package_run_dependencies/my_package
[3.248s] -- Symlinking: /home/parallels/dev_ws/install/my_package/share/ament_index/resource_index/parent_prefix_path/my_package
[3.297s] -- Symlinking: /home/parallels/dev_ws/install/my_package/share/my_package/environment/ament_prefix_path.sh
[3.341s] -- Symlinking: /home/parallels/dev_ws/install/my_package/share/my_package/environment/ament_prefix_path.dsv
[3.389s] -- Symlinking: /home/parallels/dev_ws/install/my_package/share/my_package/environment/path.sh
[3.448s] -- Symlinking: /home/parallels/dev_ws/install/my_package/share/my_package/environment/path.dsv
[3.497s] -- Symlinking: /home/parallels/dev_ws/install/my_package/share/my_package/local_setup.bash
[3.526s] -- Symlinking: /home/parallels/dev_ws/install/my_package/share/my_package/local_setup.sh
[3.575s] -- Symlinking: /home/parallels/dev_ws/install/my_package/share/my_package/local_setup.zsh
[3.619s] -- Symlinking: /home/parallels/dev_ws/install/my_package/share/my_package/local_setup.dsv
[3.646s] -- Symlinking: /home/parallels/dev_ws/install/my_package/share/my_package/package.dsv
[3.683s] -- Symlinking: /home/parallels/dev_ws/install/my_package/share/ament_index/resource_index/packages/my_package
[3.718s] -- Symlinking: /home/parallels/dev_ws/install/my_package/share/my_package/cmake/my_packageConfig.cmake
[3.756s] -- Symlinking: /home/parallels/dev_ws/install/my_package/share/my_package/cmake/my_packageConfig-version.cmake
[3.785s] -- Symlinking: /home/parallels/dev_ws/install/my_package/share/my_package/package.xml
[3.823s] Invoked command in '/home/parallels/dev_ws/build/my_package' returned '0': CMAKE_PREFIX_PATH=${CMAKE_PREFIX_PATH}:/opt/ros/humble /usr/bin/cmake --install /home/parallels/dev_ws/build/my_package
