[0.118s] Invoking command in '/home/parallels/dev_ws/build/my_package': CMAKE_PREFIX_PATH=${CMAKE_PREFIX_PATH}:/opt/ros/humble /usr/bin/cmake --build /home/parallels/dev_ws/build/my_package -- -j4 -l4
[0.174s] Invoked command in '/home/parallels/dev_ws/build/my_package' returned '0': CMAKE_PREFIX_PATH=${CMAKE_PREFIX_PATH}:/opt/ros/humble /usr/bin/cmake --build /home/parallels/dev_ws/build/my_package -- -j4 -l4
[0.227s] Invoking command in '/home/parallels/dev_ws/build/my_package': CMAKE_PREFIX_PATH=${CMAKE_PREFIX_PATH}:/opt/ros/humble /usr/bin/cmake --install /home/parallels/dev_ws/build/my_package
[0.238s] -- Install configuration: ""
[0.238s] -- Execute custom install script
[0.239s] -- Up-to-date symlink: /home/parallels/dev_ws/install/my_package/share/my_package/launch/joystick.launch.py
[0.239s] -- Up-to-date symlink: /home/parallels/dev_ws/install/my_package/share/my_package/launch/launch_sim.launch.py
[0.240s] -- Up-to-date symlink: /home/parallels/dev_ws/install/my_package/share/my_package/launch/listener.launch.py
[0.240s] -- Up-to-date symlink: /home/parallels/dev_ws/install/my_package/share/my_package/launch/robot_state_publisher.launch.py
[0.240s] -- Up-to-date symlink: /home/parallels/dev_ws/install/my_package/share/my_package/launch/rsp.launch.py
[0.240s] -- Up-to-date symlink: /home/parallels/dev_ws/install/my_package/share/my_package/launch/rsp_sim.launch.py
[0.240s] -- Up-to-date symlink: /home/parallels/dev_ws/install/my_package/share/my_package/launch/talker.launch.py
[0.241s] -- Up-to-date symlink: /home/parallels/dev_ws/install/my_package/share/my_package//description/gazebo_control.xacro
[0.241s] -- Up-to-date symlink: /home/parallels/dev_ws/install/my_package/share/my_package//description/inertial_macros.xacro
[0.242s] -- Up-to-date symlink: /home/parallels/dev_ws/install/my_package/share/my_package//description/lidar.xacro
[0.242s] -- Up-to-date symlink: /home/parallels/dev_ws/install/my_package/share/my_package//description/robot.urdf.xacro
[0.242s] -- Up-to-date symlink: /home/parallels/dev_ws/install/my_package/share/my_package//description/robot_core.xacro
[0.243s] -- Up-to-date symlink: /home/parallels/dev_ws/install/my_package/share/my_package//description/ros2_control.xacro
[0.243s] -- Up-to-date symlink: /home/parallels/dev_ws/install/my_package/share/my_package/config/drive_bot.rviz
[0.243s] -- Up-to-date symlink: /home/parallels/dev_ws/install/my_package/share/my_package/config/empty.yaml
[0.243s] -- Up-to-date symlink: /home/parallels/dev_ws/install/my_package/share/my_package/config/gaz_ros2_ctl_use_sim.yaml
[0.244s] -- Up-to-date symlink: /home/parallels/dev_ws/install/my_package/share/my_package/config/gazebo_params.yaml
[0.244s] -- Up-to-date symlink: /home/parallels/dev_ws/install/my_package/share/my_package/config/joystick.yaml
[0.244s] -- Up-to-date symlink: /home/parallels/dev_ws/install/my_package/share/my_package/config/main.rviz
[0.245s] -- Up-to-date symlink: /home/parallels/dev_ws/install/my_package/share/my_package/config/mapper_params_online_async.yaml
[0.245s] -- Up-to-date symlink: /home/parallels/dev_ws/install/my_package/share/my_package/config/my_controllers.yaml
[0.245s] -- Up-to-date symlink: /home/parallels/dev_ws/install/my_package/share/my_package/config/nav2_params.yaml
[0.246s] -- Up-to-date symlink: /home/parallels/dev_ws/install/my_package/share/my_package/config/twist_mux.yaml
[0.246s] -- Up-to-date symlink: /home/parallels/dev_ws/install/my_package/share/my_package/config/view_bot.rviz
[0.246s] -- Up-to-date symlink: /home/parallels/dev_ws/install/my_package/share/my_package/description/gazebo_control.xacro
[0.246s] -- Up-to-date symlink: /home/parallels/dev_ws/install/my_package/share/my_package/description/inertial_macros.xacro
[0.246s] -- Up-to-date symlink: /home/parallels/dev_ws/install/my_package/share/my_package/description/lidar.xacro
[0.246s] -- Up-to-date symlink: /home/parallels/dev_ws/install/my_package/share/my_package/description/robot.urdf.xacro
[0.247s] -- Up-to-date symlink: /home/parallels/dev_ws/install/my_package/share/my_package/description/robot_core.xacro
[0.247s] -- Up-to-date symlink: /home/parallels/dev_ws/install/my_package/share/my_package/description/ros2_control.xacro
[0.247s] -- Up-to-date symlink: /home/parallels/dev_ws/install/my_package/share/my_package/launch/joystick.launch.py
[0.247s] -- Up-to-date symlink: /home/parallels/dev_ws/install/my_package/share/my_package/launch/launch_sim.launch.py
[0.248s] -- Up-to-date symlink: /home/parallels/dev_ws/install/my_package/share/my_package/launch/listener.launch.py
[0.248s] -- Up-to-date symlink: /home/parallels/dev_ws/install/my_package/share/my_package/launch/robot_state_publisher.launch.py
[0.248s] -- Up-to-date symlink: /home/parallels/dev_ws/install/my_package/share/my_package/launch/rsp.launch.py
[0.248s] -- Up-to-date symlink: /home/parallels/dev_ws/install/my_package/share/my_package/launch/rsp_sim.launch.py
[0.249s] -- Up-to-date symlink: /home/parallels/dev_ws/install/my_package/share/my_package/launch/talker.launch.py
[0.249s] -- Up-to-date symlink: /home/parallels/dev_ws/install/my_package/share/my_package/worlds/empty.world
[0.249s] -- Up-to-date symlink: /home/parallels/dev_ws/install/my_package/share/my_package/worlds/obstacles.world
[0.250s] -- Up-to-date symlink: /home/parallels/dev_ws/install/my_package/share/my_package/config/drive_bot.rviz
[0.251s] -- Up-to-date symlink: /home/parallels/dev_ws/install/my_package/share/my_package/config/empty.yaml
[0.251s] -- Up-to-date symlink: /home/parallels/dev_ws/install/my_package/share/my_package/config/gaz_ros2_ctl_use_sim.yaml
[0.251s] -- Up-to-date symlink: /home/parallels/dev_ws/install/my_package/share/my_package/config/gazebo_params.yaml
[0.251s] -- Up-to-date symlink: /home/parallels/dev_ws/install/my_package/share/my_package/config/joystick.yaml
[0.252s] -- Up-to-date symlink: /home/parallels/dev_ws/install/my_package/share/my_package/config/main.rviz
[0.252s] -- Up-to-date symlink: /home/parallels/dev_ws/install/my_package/share/my_package/config/mapper_params_online_async.yaml
[0.252s] -- Up-to-date symlink: /home/parallels/dev_ws/install/my_package/share/my_package/config/my_controllers.yaml
[0.252s] -- Up-to-date symlink: /home/parallels/dev_ws/install/my_package/share/my_package/config/nav2_params.yaml
[0.252s] -- Up-to-date symlink: /home/parallels/dev_ws/install/my_package/share/my_package/config/twist_mux.yaml
[0.253s] -- Up-to-date symlink: /home/parallels/dev_ws/install/my_package/share/my_package/config/view_bot.rviz
[0.253s] -- Up-to-date symlink: /home/parallels/dev_ws/install/my_package/share/my_package/description/gazebo_control.xacro
[0.253s] -- Up-to-date symlink: /home/parallels/dev_ws/install/my_package/share/my_package/description/inertial_macros.xacro
[0.253s] -- Up-to-date symlink: /home/parallels/dev_ws/install/my_package/share/my_package/description/lidar.xacro
[0.253s] -- Up-to-date symlink: /home/parallels/dev_ws/install/my_package/share/my_package/description/robot.urdf.xacro
[0.253s] -- Up-to-date symlink: /home/parallels/dev_ws/install/my_package/share/my_package/description/robot_core.xacro
[0.254s] -- Up-to-date symlink: /home/parallels/dev_ws/install/my_package/share/my_package/description/ros2_control.xacro
[0.254s] -- Up-to-date symlink: /home/parallels/dev_ws/install/my_package/share/my_package/launch/joystick.launch.py
[0.254s] -- Up-to-date symlink: /home/parallels/dev_ws/install/my_package/share/my_package/launch/launch_sim.launch.py
[0.254s] -- Up-to-date symlink: /home/parallels/dev_ws/install/my_package/share/my_package/launch/listener.launch.py
[0.254s] -- Up-to-date symlink: /home/parallels/dev_ws/install/my_package/share/my_package/launch/robot_state_publisher.launch.py
[0.255s] -- Up-to-date symlink: /home/parallels/dev_ws/install/my_package/share/my_package/launch/rsp.launch.py
[0.256s] -- Up-to-date symlink: /home/parallels/dev_ws/install/my_package/share/my_package/launch/rsp_sim.launch.py
[0.256s] -- Up-to-date symlink: /home/parallels/dev_ws/install/my_package/share/my_package/launch/talker.launch.py
[0.256s] -- Up-to-date symlink: /home/parallels/dev_ws/install/my_package/share/my_package/config/drive_bot.rviz
[0.257s] -- Up-to-date symlink: /home/parallels/dev_ws/install/my_package/share/my_package/config/empty.yaml
[0.257s] -- Up-to-date symlink: /home/parallels/dev_ws/install/my_package/share/my_package/config/gaz_ros2_ctl_use_sim.yaml
[0.257s] -- Up-to-date symlink: /home/parallels/dev_ws/install/my_package/share/my_package/config/gazebo_params.yaml
[0.257s] -- Up-to-date symlink: /home/parallels/dev_ws/install/my_package/share/my_package/config/joystick.yaml
[0.258s] -- Up-to-date symlink: /home/parallels/dev_ws/install/my_package/share/my_package/config/main.rviz
[0.258s] -- Up-to-date symlink: /home/parallels/dev_ws/install/my_package/share/my_package/config/mapper_params_online_async.yaml
[0.258s] -- Up-to-date symlink: /home/parallels/dev_ws/install/my_package/share/my_package/config/my_controllers.yaml
[0.259s] -- Up-to-date symlink: /home/parallels/dev_ws/install/my_package/share/my_package/config/nav2_params.yaml
[0.259s] -- Up-to-date symlink: /home/parallels/dev_ws/install/my_package/share/my_package/config/twist_mux.yaml
[0.259s] -- Up-to-date symlink: /home/parallels/dev_ws/install/my_package/share/my_package/config/view_bot.rviz
[0.260s] -- Up-to-date symlink: /home/parallels/dev_ws/install/my_package/share/ament_index/resource_index/package_run_dependencies/my_package
[0.260s] -- Up-to-date symlink: /home/parallels/dev_ws/install/my_package/share/ament_index/resource_index/parent_prefix_path/my_package
[0.260s] -- Up-to-date symlink: /home/parallels/dev_ws/install/my_package/share/my_package/environment/ament_prefix_path.sh
[0.260s] -- Up-to-date symlink: /home/parallels/dev_ws/install/my_package/share/my_package/environment/ament_prefix_path.dsv
[0.260s] -- Up-to-date symlink: /home/parallels/dev_ws/install/my_package/share/my_package/environment/path.sh
[0.261s] -- Up-to-date symlink: /home/parallels/dev_ws/install/my_package/share/my_package/environment/path.dsv
[0.261s] -- Up-to-date symlink: /home/parallels/dev_ws/install/my_package/share/my_package/local_setup.bash
[0.261s] -- Up-to-date symlink: /home/parallels/dev_ws/install/my_package/share/my_package/local_setup.sh
[0.261s] -- Up-to-date symlink: /home/parallels/dev_ws/install/my_package/share/my_package/local_setup.zsh
[0.261s] -- Up-to-date symlink: /home/parallels/dev_ws/install/my_package/share/my_package/local_setup.dsv
[0.261s] -- Symlinking: /home/parallels/dev_ws/install/my_package/share/my_package/package.dsv
[0.274s] -- Up-to-date symlink: /home/parallels/dev_ws/install/my_package/share/ament_index/resource_index/packages/my_package
[0.274s] -- Up-to-date symlink: /home/parallels/dev_ws/install/my_package/share/my_package/cmake/my_packageConfig.cmake
[0.274s] -- Up-to-date symlink: /home/parallels/dev_ws/install/my_package/share/my_package/cmake/my_packageConfig-version.cmake
[0.274s] -- Up-to-date symlink: /home/parallels/dev_ws/install/my_package/share/my_package/package.xml
[0.277s] Invoked command in '/home/parallels/dev_ws/build/my_package' returned '0': CMAKE_PREFIX_PATH=${CMAKE_PREFIX_PATH}:/opt/ros/humble /usr/bin/cmake --install /home/parallels/dev_ws/build/my_package
