[0.140s] Invoking command in '/home/parallels/dev_ws/build/my_package': CMAKE_PREFIX_PATH=${CMAKE_PREFIX_PATH}:/opt/ros/humble /usr/bin/cmake --build /home/parallels/dev_ws/build/my_package -- -j4 -l4
[0.208s] Invoked command in '/home/parallels/dev_ws/build/my_package' returned '0': CMAKE_PREFIX_PATH=${CMAKE_PREFIX_PATH}:/opt/ros/humble /usr/bin/cmake --build /home/parallels/dev_ws/build/my_package -- -j4 -l4
[0.269s] Invoking command in '/home/parallels/dev_ws/build/my_package': CMAKE_PREFIX_PATH=${CMAKE_PREFIX_PATH}:/opt/ros/humble /usr/bin/cmake --install /home/parallels/dev_ws/build/my_package
[0.281s] -- Install configuration: ""
[0.281s] -- Execute custom install script
[0.282s] -- Up-to-date symlink: /home/parallels/dev_ws/install/my_package/share/my_package/launch/listener.launch.py
[0.282s] -- Up-to-date symlink: /home/parallels/dev_ws/install/my_package/share/my_package/launch/robot_state_publisher.launch.py
[0.283s] -- Up-to-date symlink: /home/parallels/dev_ws/install/my_package/share/my_package/launch/rsp.launch.py
[0.283s] -- Up-to-date symlink: /home/parallels/dev_ws/install/my_package/share/my_package/launch/rsp_sim.launch.py
[0.283s] -- Up-to-date symlink: /home/parallels/dev_ws/install/my_package/share/my_package/launch/talker.launch.py
[0.284s] -- Up-to-date symlink: /home/parallels/dev_ws/install/my_package/share/my_package//description/gazebo_control.xacro
[0.284s] -- Up-to-date symlink: /home/parallels/dev_ws/install/my_package/share/my_package//description/inertial_macros.xacro
[0.284s] -- Up-to-date symlink: /home/parallels/dev_ws/install/my_package/share/my_package//description/lidar.xacro
[0.284s] -- Up-to-date symlink: /home/parallels/dev_ws/install/my_package/share/my_package//description/robot.urdf.xacro
[0.284s] -- Up-to-date symlink: /home/parallels/dev_ws/install/my_package/share/my_package//description/robot_core.xacro
[0.286s] -- Up-to-date symlink: /home/parallels/dev_ws/install/my_package/share/my_package//description/ros2_control.xacro
[0.286s] -- Up-to-date symlink: /home/parallels/dev_ws/install/my_package/share/my_package/config/drive_bot.rviz
[0.287s] -- Up-to-date symlink: /home/parallels/dev_ws/install/my_package/share/my_package/config/empty.yaml
[0.287s] -- Up-to-date symlink: /home/parallels/dev_ws/install/my_package/share/my_package/config/my_controllers.yaml
[0.287s] -- Up-to-date symlink: /home/parallels/dev_ws/install/my_package/share/my_package/config/view_bot.rviz
[0.288s] -- Up-to-date symlink: /home/parallels/dev_ws/install/my_package/share/my_package/description/gazebo_control.xacro
[0.288s] -- Up-to-date symlink: /home/parallels/dev_ws/install/my_package/share/my_package/description/inertial_macros.xacro
[0.288s] -- Up-to-date symlink: /home/parallels/dev_ws/install/my_package/share/my_package/description/lidar.xacro
[0.288s] -- Up-to-date symlink: /home/parallels/dev_ws/install/my_package/share/my_package/description/robot.urdf.xacro
[0.289s] -- Up-to-date symlink: /home/parallels/dev_ws/install/my_package/share/my_package/description/robot_core.xacro
[0.289s] -- Up-to-date symlink: /home/parallels/dev_ws/install/my_package/share/my_package/description/ros2_control.xacro
[0.289s] -- Up-to-date symlink: /home/parallels/dev_ws/install/my_package/share/my_package/launch/listener.launch.py
[0.290s] -- Up-to-date symlink: /home/parallels/dev_ws/install/my_package/share/my_package/launch/robot_state_publisher.launch.py
[0.290s] -- Up-to-date symlink: /home/parallels/dev_ws/install/my_package/share/my_package/launch/rsp.launch.py
[0.290s] -- Up-to-date symlink: /home/parallels/dev_ws/install/my_package/share/my_package/launch/rsp_sim.launch.py
[0.290s] -- Up-to-date symlink: /home/parallels/dev_ws/install/my_package/share/my_package/launch/talker.launch.py
[0.291s] -- Up-to-date symlink: /home/parallels/dev_ws/install/my_package/share/my_package/worlds/empty.world
[0.291s] -- Up-to-date symlink: /home/parallels/dev_ws/install/my_package/share/my_package/worlds/obstacles.world
[0.291s] -- Up-to-date symlink: /home/parallels/dev_ws/install/my_package/share/my_package/config/drive_bot.rviz
[0.292s] -- Up-to-date symlink: /home/parallels/dev_ws/install/my_package/share/my_package/config/empty.yaml
[0.292s] -- Up-to-date symlink: /home/parallels/dev_ws/install/my_package/share/my_package/config/my_controllers.yaml
[0.292s] -- Up-to-date symlink: /home/parallels/dev_ws/install/my_package/share/my_package/config/view_bot.rviz
[0.293s] -- Up-to-date symlink: /home/parallels/dev_ws/install/my_package/share/my_package/description/gazebo_control.xacro
[0.293s] -- Up-to-date symlink: /home/parallels/dev_ws/install/my_package/share/my_package/description/inertial_macros.xacro
[0.293s] -- Up-to-date symlink: /home/parallels/dev_ws/install/my_package/share/my_package/description/lidar.xacro
[0.293s] -- Up-to-date symlink: /home/parallels/dev_ws/install/my_package/share/my_package/description/robot.urdf.xacro
[0.294s] -- Up-to-date symlink: /home/parallels/dev_ws/install/my_package/share/my_package/description/robot_core.xacro
[0.294s] -- Up-to-date symlink: /home/parallels/dev_ws/install/my_package/share/my_package/description/ros2_control.xacro
[0.294s] -- Up-to-date symlink: /home/parallels/dev_ws/install/my_package/share/my_package/launch/listener.launch.py
[0.295s] -- Up-to-date symlink: /home/parallels/dev_ws/install/my_package/share/my_package/launch/robot_state_publisher.launch.py
[0.295s] -- Up-to-date symlink: /home/parallels/dev_ws/install/my_package/share/my_package/launch/rsp.launch.py
[0.295s] -- Up-to-date symlink: /home/parallels/dev_ws/install/my_package/share/my_package/launch/rsp_sim.launch.py
[0.295s] -- Up-to-date symlink: /home/parallels/dev_ws/install/my_package/share/my_package/launch/talker.launch.py
[0.295s] -- Up-to-date symlink: /home/parallels/dev_ws/install/my_package/share/my_package/config/drive_bot.rviz
[0.296s] -- Up-to-date symlink: /home/parallels/dev_ws/install/my_package/share/my_package/config/empty.yaml
[0.296s] -- Up-to-date symlink: /home/parallels/dev_ws/install/my_package/share/my_package/config/my_controllers.yaml
[0.296s] -- Up-to-date symlink: /home/parallels/dev_ws/install/my_package/share/my_package/config/view_bot.rviz
[0.296s] -- Up-to-date symlink: /home/parallels/dev_ws/install/my_package/share/ament_index/resource_index/package_run_dependencies/my_package
[0.296s] -- Up-to-date symlink: /home/parallels/dev_ws/install/my_package/share/ament_index/resource_index/parent_prefix_path/my_package
[0.296s] -- Up-to-date symlink: /home/parallels/dev_ws/install/my_package/share/my_package/environment/ament_prefix_path.sh
[0.296s] -- Up-to-date symlink: /home/parallels/dev_ws/install/my_package/share/my_package/environment/ament_prefix_path.dsv
[0.297s] -- Up-to-date symlink: /home/parallels/dev_ws/install/my_package/share/my_package/environment/path.sh
[0.297s] -- Up-to-date symlink: /home/parallels/dev_ws/install/my_package/share/my_package/environment/path.dsv
[0.297s] -- Up-to-date symlink: /home/parallels/dev_ws/install/my_package/share/my_package/local_setup.bash
[0.297s] -- Up-to-date symlink: /home/parallels/dev_ws/install/my_package/share/my_package/local_setup.sh
[0.297s] -- Up-to-date symlink: /home/parallels/dev_ws/install/my_package/share/my_package/local_setup.zsh
[0.297s] -- Up-to-date symlink: /home/parallels/dev_ws/install/my_package/share/my_package/local_setup.dsv
[0.297s] -- Symlinking: /home/parallels/dev_ws/install/my_package/share/my_package/package.dsv
[0.309s] -- Up-to-date symlink: /home/parallels/dev_ws/install/my_package/share/ament_index/resource_index/packages/my_package
[0.310s] -- Up-to-date symlink: /home/parallels/dev_ws/install/my_package/share/my_package/cmake/my_packageConfig.cmake
[0.310s] -- Up-to-date symlink: /home/parallels/dev_ws/install/my_package/share/my_package/cmake/my_packageConfig-version.cmake
[0.310s] -- Up-to-date symlink: /home/parallels/dev_ws/install/my_package/share/my_package/package.xml
[0.313s] Invoked command in '/home/parallels/dev_ws/build/my_package' returned '0': CMAKE_PREFIX_PATH=${CMAKE_PREFIX_PATH}:/opt/ros/humble /usr/bin/cmake --install /home/parallels/dev_ws/build/my_package
