[2.870s] DEBUG:colcon:Command line arguments: ['/usr/bin/colcon', 'build', '--symlink-install']
[2.870s] DEBUG:colcon:Parsed command line arguments: Namespace(log_base=None, log_level=None, verb_name='build', build_base='build', install_base='install', merge_install=False, symlink_install=True, test_result_base=None, continue_on_error=False, executor='parallel', parallel_workers=2, event_handlers=None, ignore_user_meta=False, metas=['./colcon.meta'], base_paths=['.'], packages_ignore=None, packages_ignore_regex=None, paths=None, packages_up_to=None, packages_up_to_regex=None, packages_above=None, packages_above_and_dependencies=None, packages_above_depth=None, packages_select_by_dep=None, packages_skip_by_dep=None, packages_skip_up_to=None, packages_select_build_failed=False, packages_skip_build_finished=False, packages_select_test_failures=False, packages_skip_test_passed=False, packages_select=None, packages_skip=None, packages_select_regex=None, packages_skip_regex=None, packages_start=None, packages_end=None, allow_overriding=[], cmake_args=None, cmake_target=None, cmake_target_skip_unavailable=False, cmake_clean_cache=False, cmake_clean_first=False, cmake_force_configure=False, ament_cmake_args=None, catkin_cmake_args=None, catkin_skip_building_tests=False, verb_parser=<colcon_defaults.argument_parser.defaults.DefaultArgumentsDecorator object at 0x7f85a63ff100>, verb_extension=<colcon_core.verb.build.BuildVerb object at 0x7f85a67faf20>, main=<bound method BuildVerb.main of <colcon_core.verb.build.BuildVerb object at 0x7f85a67faf20>>)
[3.054s] Level 1:colcon.colcon_core.package_discovery:discover_packages(colcon_meta) check parameters
[3.054s] Level 1:colcon.colcon_core.package_discovery:discover_packages(recursive) check parameters
[3.054s] Level 1:colcon.colcon_core.package_discovery:discover_packages(ignore) check parameters
[3.054s] Level 1:colcon.colcon_core.package_discovery:discover_packages(path) check parameters
[3.054s] Level 1:colcon.colcon_core.package_discovery:discover_packages(colcon_meta) discover
[3.054s] Level 1:colcon.colcon_core.package_discovery:discover_packages(recursive) discover
[3.054s] INFO:colcon.colcon_core.package_discovery:Crawling recursively for packages in '/home/parallels/dev_ws'
[3.055s] Level 1:colcon.colcon_core.package_identification:_identify(.) by extensions ['ignore', 'ignore_ament_install']
[3.055s] Level 1:colcon.colcon_core.package_identification:_identify(.) by extension 'ignore'
[3.055s] Level 1:colcon.colcon_core.package_identification:_identify(.) by extension 'ignore_ament_install'
[3.055s] Level 1:colcon.colcon_core.package_identification:_identify(.) by extensions ['colcon_pkg']
[3.055s] Level 1:colcon.colcon_core.package_identification:_identify(.) by extension 'colcon_pkg'
[3.055s] Level 1:colcon.colcon_core.package_identification:_identify(.) by extensions ['colcon_meta']
[3.055s] Level 1:colcon.colcon_core.package_identification:_identify(.) by extension 'colcon_meta'
[3.055s] Level 1:colcon.colcon_core.package_identification:_identify(.) by extensions ['ros']
[3.055s] Level 1:colcon.colcon_core.package_identification:_identify(.) by extension 'ros'
[3.141s] Level 1:colcon.colcon_core.package_identification:_identify(.) by extensions ['cmake', 'python']
[3.141s] Level 1:colcon.colcon_core.package_identification:_identify(.) by extension 'cmake'
[3.142s] Level 1:colcon.colcon_core.package_identification:_identify(.) by extension 'python'
[3.146s] Level 1:colcon.colcon_core.package_identification:_identify(.) by extensions ['python_setup_py']
[3.146s] Level 1:colcon.colcon_core.package_identification:_identify(.) by extension 'python_setup_py'
[3.147s] Level 1:colcon.colcon_core.package_identification:_identify(build) by extensions ['ignore', 'ignore_ament_install']
[3.151s] Level 1:colcon.colcon_core.package_identification:_identify(build) by extension 'ignore'
[3.153s] Level 1:colcon.colcon_core.package_identification:_identify(build) ignored
[3.154s] Level 1:colcon.colcon_core.package_identification:_identify(install) by extensions ['ignore', 'ignore_ament_install']
[3.156s] Level 1:colcon.colcon_core.package_identification:_identify(install) by extension 'ignore'
[3.156s] Level 1:colcon.colcon_core.package_identification:_identify(install) ignored
[3.157s] Level 1:colcon.colcon_core.package_identification:_identify(log) by extensions ['ignore', 'ignore_ament_install']
[3.158s] Level 1:colcon.colcon_core.package_identification:_identify(log) by extension 'ignore'
[3.158s] Level 1:colcon.colcon_core.package_identification:_identify(log) ignored
[3.160s] Level 1:colcon.colcon_core.package_identification:_identify(src) by extensions ['ignore', 'ignore_ament_install']
[3.161s] Level 1:colcon.colcon_core.package_identification:_identify(src) by extension 'ignore'
[3.161s] Level 1:colcon.colcon_core.package_identification:_identify(src) by extension 'ignore_ament_install'
[3.162s] Level 1:colcon.colcon_core.package_identification:_identify(src) by extensions ['colcon_pkg']
[3.162s] Level 1:colcon.colcon_core.package_identification:_identify(src) by extension 'colcon_pkg'
[3.163s] Level 1:colcon.colcon_core.package_identification:_identify(src) by extensions ['colcon_meta']
[3.165s] Level 1:colcon.colcon_core.package_identification:_identify(src) by extension 'colcon_meta'
[3.165s] Level 1:colcon.colcon_core.package_identification:_identify(src) by extensions ['ros']
[3.165s] Level 1:colcon.colcon_core.package_identification:_identify(src) by extension 'ros'
[3.168s] Level 1:colcon.colcon_core.package_identification:_identify(src) by extensions ['cmake', 'python']
[3.168s] Level 1:colcon.colcon_core.package_identification:_identify(src) by extension 'cmake'
[3.168s] Level 1:colcon.colcon_core.package_identification:_identify(src) by extension 'python'
[3.168s] Level 1:colcon.colcon_core.package_identification:_identify(src) by extensions ['python_setup_py']
[3.168s] Level 1:colcon.colcon_core.package_identification:_identify(src) by extension 'python_setup_py'
[3.168s] Level 1:colcon.colcon_core.package_discovery:discover_packages(recursive) using defaults
[3.168s] Level 1:colcon.colcon_core.package_discovery:discover_packages(ignore) discover
[3.168s] Level 1:colcon.colcon_core.package_discovery:discover_packages(ignore) using defaults
[3.168s] Level 1:colcon.colcon_core.package_discovery:discover_packages(path) discover
[3.168s] Level 1:colcon.colcon_core.package_discovery:discover_packages(path) using defaults
[3.487s] Level 1:colcon.colcon_core.package_discovery:discover_packages(prefix_path) check parameters
[3.487s] Level 1:colcon.colcon_core.package_discovery:discover_packages(prefix_path) discover
[3.542s] WARNING:colcon.colcon_ros.prefix_path.ament:The path '/home/parallels/dev_ws/install/my_package' in the environment variable AMENT_PREFIX_PATH doesn't exist
[3.542s] WARNING:colcon.colcon_ros.prefix_path.catkin:The path '/home/parallels/dev_ws/install/my_package' in the environment variable CMAKE_PREFIX_PATH doesn't exist
[3.593s] DEBUG:colcon.colcon_installed_package_information.package_discovery:Found 0 installed packages in /home/parallels/dev_ws/install
[3.691s] DEBUG:colcon.colcon_installed_package_information.package_discovery:Found 280 installed packages in /opt/ros/humble
[3.693s] Level 1:colcon.colcon_core.package_discovery:discover_packages(prefix_path) using defaults
[4.405s] INFO:colcon.colcon_core.executor:Executing jobs using 'parallel' executor
[4.445s] DEBUG:colcon.colcon_parallel_executor.executor.parallel:run_until_complete
[4.445s] DEBUG:colcon.colcon_parallel_executor.executor.parallel:closing loop
[4.446s] DEBUG:colcon.colcon_parallel_executor.executor.parallel:loop closed
[4.446s] DEBUG:colcon.colcon_parallel_executor.executor.parallel:run_until_complete finished with '0'
[4.446s] DEBUG:colcon.colcon_core.event_reactor:joining thread
[4.560s] INFO:colcon.colcon_core.plugin_system:Skipping extension 'colcon_notification.desktop_notification.terminal_notifier': Not used on non-Darwin systems
[4.560s] INFO:colcon.colcon_core.plugin_system:Skipping extension 'colcon_notification.desktop_notification.win32': Not used on non-Windows systems
[4.560s] INFO:colcon.colcon_notification.desktop_notification:Sending desktop notification using 'notify2'
[5.408s] DEBUG:colcon.colcon_core.event_reactor:joined thread
[5.501s] INFO:colcon.colcon_core.plugin_system:Skipping extension 'colcon_core.shell.bat': Not used on non-Windows systems
[5.501s] INFO:colcon.colcon_core.shell:Creating prefix script '/home/parallels/dev_ws/install/local_setup.ps1'
[5.505s] INFO:colcon.colcon_core.shell:Creating prefix util module '/home/parallels/dev_ws/install/_local_setup_util_ps1.py'
[5.508s] INFO:colcon.colcon_core.shell:Creating prefix chain script '/home/parallels/dev_ws/install/setup.ps1'
[5.582s] INFO:colcon.colcon_core.shell:Creating prefix script '/home/parallels/dev_ws/install/local_setup.sh'
[5.585s] INFO:colcon.colcon_core.shell:Creating prefix util module '/home/parallels/dev_ws/install/_local_setup_util_sh.py'
[5.586s] INFO:colcon.colcon_core.shell:Creating prefix chain script '/home/parallels/dev_ws/install/setup.sh'
[5.651s] INFO:colcon.colcon_core.shell:Creating prefix script '/home/parallels/dev_ws/install/local_setup.bash'
[5.656s] INFO:colcon.colcon_core.shell:Creating prefix chain script '/home/parallels/dev_ws/install/setup.bash'
[5.717s] INFO:colcon.colcon_core.shell:Creating prefix script '/home/parallels/dev_ws/install/local_setup.zsh'
[5.720s] INFO:colcon.colcon_core.shell:Creating prefix chain script '/home/parallels/dev_ws/install/setup.zsh'
