[0.142s] Invoking command in '/home/parallels/dev_ws/build/my_package': CMAKE_PREFIX_PATH=/opt/ros/humble /usr/bin/cmake --build /home/parallels/dev_ws/build/my_package -- -j2 -l2
[0.260s] -- Found ament_cmake: 1.3.7 (/opt/ros/humble/share/ament_cmake/cmake)
[0.528s] -- Override CMake install command with custom implementation using symlinks instead of copying resources
[0.568s] -- Found ament_lint_auto: 0.12.10 (/opt/ros/humble/share/ament_lint_auto/cmake)
[0.713s] -- Added test 'flake8' to check Python code syntax and style conventions
[0.713s] -- Added test 'lint_cmake' to check CMake code style
[0.714s] -- Added test 'pep257' to check Python code against some of the docstring style conventions in PEP 257
[0.717s] -- Added test 'xmllint' to check XML markup files
[0.720s] -- Configuring done
[0.730s] -- Generating done
[0.732s] -- Build files have been written to: /home/parallels/dev_ws/build/my_package
[0.765s] Invoked command in '/home/parallels/dev_ws/build/my_package' returned '0': CMAKE_PREFIX_PATH=/opt/ros/humble /usr/bin/cmake --build /home/parallels/dev_ws/build/my_package -- -j2 -l2
[0.823s] Invoking command in '/home/parallels/dev_ws/build/my_package': CMAKE_PREFIX_PATH=/opt/ros/humble /usr/bin/cmake --install /home/parallels/dev_ws/build/my_package
[0.835s] -- Install configuration: ""
[0.836s] -- Execute custom install script
[0.839s] -- Up-to-date symlink: /home/parallels/dev_ws/install/my_package/share/my_package/launch/listener.launch.py
[0.840s] -- Up-to-date symlink: /home/parallels/dev_ws/install/my_package/share/my_package/launch/robot_state_publisher.launch.py
[0.840s] -- Up-to-date symlink: /home/parallels/dev_ws/install/my_package/share/my_package/launch/rsp.launch.py
[0.841s] -- Up-to-date symlink: /home/parallels/dev_ws/install/my_package/share/my_package/launch/rsp_sim.launch.py
[0.842s] -- Up-to-date symlink: /home/parallels/dev_ws/install/my_package/share/my_package/launch/talker.launch.py
[0.844s] -- Up-to-date symlink: /home/parallels/dev_ws/install/my_package/share/my_package//description/example_gazebo.xacro
[0.845s] -- Up-to-date symlink: /home/parallels/dev_ws/install/my_package/share/my_package//description/example_include.xacro
[0.845s] -- Up-to-date symlink: /home/parallels/dev_ws/install/my_package/share/my_package//description/example_robot.urdf.xacro
[0.846s] -- Symlinking: /home/parallels/dev_ws/install/my_package/share/my_package//description/gazebo_control.xacro
[0.864s] -- Symlinking: /home/parallels/dev_ws/install/my_package/share/my_package//description/inertial_macros.xacro
[0.885s] -- Symlinking: /home/parallels/dev_ws/install/my_package/share/my_package//description/robot.urdf.xacro
[0.892s] -- Symlinking: /home/parallels/dev_ws/install/my_package/share/my_package//description/robot_core.xacro
[0.913s] -- Symlinking: /home/parallels/dev_ws/install/my_package/share/my_package/config/drive_bot.rviz
[0.926s] -- Symlinking: /home/parallels/dev_ws/install/my_package/share/my_package/config/empty.yaml
[0.941s] -- Symlinking: /home/parallels/dev_ws/install/my_package/share/my_package/config/view_bot.rviz
[0.959s] -- Up-to-date symlink: /home/parallels/dev_ws/install/my_package/share/my_package/description/example_gazebo.xacro
[0.960s] -- Up-to-date symlink: /home/parallels/dev_ws/install/my_package/share/my_package/description/example_include.xacro
[0.960s] -- Up-to-date symlink: /home/parallels/dev_ws/install/my_package/share/my_package/description/example_robot.urdf.xacro
[0.961s] -- Up-to-date symlink: /home/parallels/dev_ws/install/my_package/share/my_package/description/gazebo_control.xacro
[0.961s] -- Up-to-date symlink: /home/parallels/dev_ws/install/my_package/share/my_package/description/inertial_macros.xacro
[0.962s] -- Up-to-date symlink: /home/parallels/dev_ws/install/my_package/share/my_package/description/robot.urdf.xacro
[0.962s] -- Up-to-date symlink: /home/parallels/dev_ws/install/my_package/share/my_package/description/robot_core.xacro
[0.962s] -- Up-to-date symlink: /home/parallels/dev_ws/install/my_package/share/my_package/launch/listener.launch.py
[0.962s] -- Up-to-date symlink: /home/parallels/dev_ws/install/my_package/share/my_package/launch/robot_state_publisher.launch.py
[0.963s] -- Up-to-date symlink: /home/parallels/dev_ws/install/my_package/share/my_package/launch/rsp.launch.py
[0.963s] -- Up-to-date symlink: /home/parallels/dev_ws/install/my_package/share/my_package/launch/rsp_sim.launch.py
[0.963s] -- Up-to-date symlink: /home/parallels/dev_ws/install/my_package/share/my_package/launch/talker.launch.py
[0.964s] -- Symlinking: /home/parallels/dev_ws/install/my_package/share/my_package/worlds/empty.world
[0.977s] -- Symlinking: /home/parallels/dev_ws/install/my_package/share/my_package/worlds/obstacles.world
[0.990s] -- Up-to-date symlink: /home/parallels/dev_ws/install/my_package/share/my_package/config/drive_bot.rviz
[0.990s] -- Up-to-date symlink: /home/parallels/dev_ws/install/my_package/share/my_package/config/empty.yaml
[0.990s] -- Up-to-date symlink: /home/parallels/dev_ws/install/my_package/share/my_package/config/view_bot.rviz
[0.990s] -- Up-to-date symlink: /home/parallels/dev_ws/install/my_package/share/my_package/description/example_gazebo.xacro
[0.990s] -- Up-to-date symlink: /home/parallels/dev_ws/install/my_package/share/my_package/description/example_include.xacro
[0.991s] -- Up-to-date symlink: /home/parallels/dev_ws/install/my_package/share/my_package/description/example_robot.urdf.xacro
[0.991s] -- Up-to-date symlink: /home/parallels/dev_ws/install/my_package/share/my_package/description/gazebo_control.xacro
[0.991s] -- Up-to-date symlink: /home/parallels/dev_ws/install/my_package/share/my_package/description/inertial_macros.xacro
[0.991s] -- Up-to-date symlink: /home/parallels/dev_ws/install/my_package/share/my_package/description/robot.urdf.xacro
[0.991s] -- Up-to-date symlink: /home/parallels/dev_ws/install/my_package/share/my_package/description/robot_core.xacro
[0.991s] -- Up-to-date symlink: /home/parallels/dev_ws/install/my_package/share/my_package/launch/listener.launch.py
[0.992s] -- Up-to-date symlink: /home/parallels/dev_ws/install/my_package/share/my_package/launch/robot_state_publisher.launch.py
[0.992s] -- Up-to-date symlink: /home/parallels/dev_ws/install/my_package/share/my_package/launch/rsp.launch.py
[0.992s] -- Up-to-date symlink: /home/parallels/dev_ws/install/my_package/share/my_package/launch/rsp_sim.launch.py
[0.992s] -- Up-to-date symlink: /home/parallels/dev_ws/install/my_package/share/my_package/launch/talker.launch.py
[0.992s] -- Up-to-date symlink: /home/parallels/dev_ws/install/my_package/share/my_package/config/drive_bot.rviz
[0.993s] -- Up-to-date symlink: /home/parallels/dev_ws/install/my_package/share/my_package/config/empty.yaml
[0.993s] -- Up-to-date symlink: /home/parallels/dev_ws/install/my_package/share/my_package/config/view_bot.rviz
[0.996s] -- Up-to-date symlink: /home/parallels/dev_ws/install/my_package/share/ament_index/resource_index/package_run_dependencies/my_package
[0.997s] -- Up-to-date symlink: /home/parallels/dev_ws/install/my_package/share/ament_index/resource_index/parent_prefix_path/my_package
[0.997s] -- Up-to-date symlink: /home/parallels/dev_ws/install/my_package/share/my_package/environment/ament_prefix_path.sh
[0.998s] -- Up-to-date symlink: /home/parallels/dev_ws/install/my_package/share/my_package/environment/ament_prefix_path.dsv
[0.999s] -- Up-to-date symlink: /home/parallels/dev_ws/install/my_package/share/my_package/environment/path.sh
[0.999s] -- Up-to-date symlink: /home/parallels/dev_ws/install/my_package/share/my_package/environment/path.dsv
[1.000s] -- Up-to-date symlink: /home/parallels/dev_ws/install/my_package/share/my_package/local_setup.bash
[1.001s] -- Up-to-date symlink: /home/parallels/dev_ws/install/my_package/share/my_package/local_setup.sh
[1.001s] -- Up-to-date symlink: /home/parallels/dev_ws/install/my_package/share/my_package/local_setup.zsh
[1.002s] -- Up-to-date symlink: /home/parallels/dev_ws/install/my_package/share/my_package/local_setup.dsv
[1.003s] -- Symlinking: /home/parallels/dev_ws/install/my_package/share/my_package/package.dsv
[1.017s] -- Up-to-date symlink: /home/parallels/dev_ws/install/my_package/share/ament_index/resource_index/packages/my_package
[1.018s] -- Up-to-date symlink: /home/parallels/dev_ws/install/my_package/share/my_package/cmake/my_packageConfig.cmake
[1.019s] -- Up-to-date symlink: /home/parallels/dev_ws/install/my_package/share/my_package/cmake/my_packageConfig-version.cmake
[1.019s] -- Up-to-date symlink: /home/parallels/dev_ws/install/my_package/share/my_package/package.xml
[1.022s] Invoked command in '/home/parallels/dev_ws/build/my_package' returned '0': CMAKE_PREFIX_PATH=/opt/ros/humble /usr/bin/cmake --install /home/parallels/dev_ws/build/my_package
