[1.600s] DEBUG:colcon:Command line arguments: ['/usr/bin/colcon', 'build', '--symlink-install']
[1.600s] DEBUG:colcon:Parsed command line arguments: Namespace(log_base=None, log_level=None, verb_name='build', build_base='build', install_base='install', merge_install=False, symlink_install=True, test_result_base=None, continue_on_error=False, executor='parallel', parallel_workers=4, event_handlers=None, ignore_user_meta=False, metas=['./colcon.meta'], base_paths=['.'], packages_ignore=None, packages_ignore_regex=None, paths=None, packages_up_to=None, packages_up_to_regex=None, packages_above=None, packages_above_and_dependencies=None, packages_above_depth=None, packages_select_by_dep=None, packages_skip_by_dep=None, packages_skip_up_to=None, packages_select_build_failed=False, packages_skip_build_finished=False, packages_select_test_failures=False, packages_skip_test_passed=False, packages_select=None, packages_skip=None, packages_select_regex=None, packages_skip_regex=None, packages_start=None, packages_end=None, allow_overriding=[], cmake_args=None, cmake_target=None, cmake_target_skip_unavailable=False, cmake_clean_cache=False, cmake_clean_first=False, cmake_force_configure=False, ament_cmake_args=None, catkin_cmake_args=None, catkin_skip_building_tests=False, verb_parser=<colcon_defaults.argument_parser.defaults.DefaultArgumentsDecorator object at 0x7fd2735cd7e0>, verb_extension=<colcon_core.verb.build.BuildVerb object at 0x7fd2739d4c70>, main=<bound method BuildVerb.main of <colcon_core.verb.build.BuildVerb object at 0x7fd2739d4c70>>)
[1.677s] Level 1:colcon.colcon_core.package_discovery:discover_packages(colcon_meta) check parameters
[1.677s] Level 1:colcon.colcon_core.package_discovery:discover_packages(recursive) check parameters
[1.677s] Level 1:colcon.colcon_core.package_discovery:discover_packages(ignore) check parameters
[1.677s] Level 1:colcon.colcon_core.package_discovery:discover_packages(path) check parameters
[1.677s] Level 1:colcon.colcon_core.package_discovery:discover_packages(colcon_meta) discover
[1.678s] Level 1:colcon.colcon_core.package_discovery:discover_packages(recursive) discover
[1.678s] INFO:colcon.colcon_core.package_discovery:Crawling recursively for packages in '/home/parallels/dev_ws'
[1.678s] Level 1:colcon.colcon_core.package_identification:_identify(.) by extensions ['ignore', 'ignore_ament_install']
[1.678s] Level 1:colcon.colcon_core.package_identification:_identify(.) by extension 'ignore'
[1.678s] Level 1:colcon.colcon_core.package_identification:_identify(.) by extension 'ignore_ament_install'
[1.678s] Level 1:colcon.colcon_core.package_identification:_identify(.) by extensions ['colcon_pkg']
[1.678s] Level 1:colcon.colcon_core.package_identification:_identify(.) by extension 'colcon_pkg'
[1.678s] Level 1:colcon.colcon_core.package_identification:_identify(.) by extensions ['colcon_meta']
[1.678s] Level 1:colcon.colcon_core.package_identification:_identify(.) by extension 'colcon_meta'
[1.678s] Level 1:colcon.colcon_core.package_identification:_identify(.) by extensions ['ros']
[1.678s] Level 1:colcon.colcon_core.package_identification:_identify(.) by extension 'ros'
[1.695s] Level 1:colcon.colcon_core.package_identification:_identify(.) by extensions ['cmake', 'python']
[1.695s] Level 1:colcon.colcon_core.package_identification:_identify(.) by extension 'cmake'
[1.695s] Level 1:colcon.colcon_core.package_identification:_identify(.) by extension 'python'
[1.695s] Level 1:colcon.colcon_core.package_identification:_identify(.) by extensions ['python_setup_py']
[1.695s] Level 1:colcon.colcon_core.package_identification:_identify(.) by extension 'python_setup_py'
[1.695s] Level 1:colcon.colcon_core.package_identification:_identify(build) by extensions ['ignore', 'ignore_ament_install']
[1.696s] Level 1:colcon.colcon_core.package_identification:_identify(build) by extension 'ignore'
[1.696s] Level 1:colcon.colcon_core.package_identification:_identify(build) ignored
[1.696s] Level 1:colcon.colcon_core.package_identification:_identify(install) by extensions ['ignore', 'ignore_ament_install']
[1.696s] Level 1:colcon.colcon_core.package_identification:_identify(install) by extension 'ignore'
[1.696s] Level 1:colcon.colcon_core.package_identification:_identify(install) ignored
[1.696s] Level 1:colcon.colcon_core.package_identification:_identify(log) by extensions ['ignore', 'ignore_ament_install']
[1.696s] Level 1:colcon.colcon_core.package_identification:_identify(log) by extension 'ignore'
[1.697s] Level 1:colcon.colcon_core.package_identification:_identify(log) ignored
[1.697s] Level 1:colcon.colcon_core.package_identification:_identify(src) by extensions ['ignore', 'ignore_ament_install']
[1.697s] Level 1:colcon.colcon_core.package_identification:_identify(src) by extension 'ignore'
[1.697s] Level 1:colcon.colcon_core.package_identification:_identify(src) by extension 'ignore_ament_install'
[1.697s] Level 1:colcon.colcon_core.package_identification:_identify(src) by extensions ['colcon_pkg']
[1.697s] Level 1:colcon.colcon_core.package_identification:_identify(src) by extension 'colcon_pkg'
[1.697s] Level 1:colcon.colcon_core.package_identification:_identify(src) by extensions ['colcon_meta']
[1.697s] Level 1:colcon.colcon_core.package_identification:_identify(src) by extension 'colcon_meta'
[1.697s] Level 1:colcon.colcon_core.package_identification:_identify(src) by extensions ['ros']
[1.697s] Level 1:colcon.colcon_core.package_identification:_identify(src) by extension 'ros'
[1.698s] Level 1:colcon.colcon_core.package_identification:_identify(src) by extensions ['cmake', 'python']
[1.698s] Level 1:colcon.colcon_core.package_identification:_identify(src) by extension 'cmake'
[1.698s] Level 1:colcon.colcon_core.package_identification:_identify(src) by extension 'python'
[1.698s] Level 1:colcon.colcon_core.package_identification:_identify(src) by extensions ['python_setup_py']
[1.698s] Level 1:colcon.colcon_core.package_identification:_identify(src) by extension 'python_setup_py'
[1.698s] Level 1:colcon.colcon_core.package_identification:_identify(src/my_package) by extensions ['ignore', 'ignore_ament_install']
[1.698s] Level 1:colcon.colcon_core.package_identification:_identify(src/my_package) by extension 'ignore'
[1.698s] Level 1:colcon.colcon_core.package_identification:_identify(src/my_package) by extension 'ignore_ament_install'
[1.698s] Level 1:colcon.colcon_core.package_identification:_identify(src/my_package) by extensions ['colcon_pkg']
[1.698s] Level 1:colcon.colcon_core.package_identification:_identify(src/my_package) by extension 'colcon_pkg'
[1.698s] Level 1:colcon.colcon_core.package_identification:_identify(src/my_package) by extensions ['colcon_meta']
[1.698s] Level 1:colcon.colcon_core.package_identification:_identify(src/my_package) by extension 'colcon_meta'
[1.699s] Level 1:colcon.colcon_core.package_identification:_identify(src/my_package) by extensions ['ros']
[1.699s] Level 1:colcon.colcon_core.package_identification:_identify(src/my_package) by extension 'ros'
[1.702s] DEBUG:colcon.colcon_core.package_identification:Package 'src/my_package' with type 'ros.ament_cmake' and name 'my_package'
[1.702s] Level 1:colcon.colcon_core.package_discovery:discover_packages(recursive) using defaults
[1.702s] Level 1:colcon.colcon_core.package_discovery:discover_packages(ignore) discover
[1.702s] Level 1:colcon.colcon_core.package_discovery:discover_packages(ignore) using defaults
[1.702s] Level 1:colcon.colcon_core.package_discovery:discover_packages(path) discover
[1.703s] Level 1:colcon.colcon_core.package_discovery:discover_packages(path) using defaults
[1.856s] Level 1:colcon.colcon_core.package_discovery:discover_packages(prefix_path) check parameters
[1.856s] Level 1:colcon.colcon_core.package_discovery:discover_packages(prefix_path) discover
[1.907s] DEBUG:colcon.colcon_installed_package_information.package_discovery:Found 1 installed packages in /home/parallels/dev_ws/install
[1.933s] DEBUG:colcon.colcon_installed_package_information.package_discovery:Found 365 installed packages in /opt/ros/humble
[1.935s] Level 1:colcon.colcon_core.package_discovery:discover_packages(prefix_path) using defaults
[2.105s] Level 5:colcon.colcon_core.verb:set package 'my_package' build argument 'cmake_args' from command line to 'None'
[2.105s] Level 5:colcon.colcon_core.verb:set package 'my_package' build argument 'cmake_target' from command line to 'None'
[2.105s] Level 5:colcon.colcon_core.verb:set package 'my_package' build argument 'cmake_target_skip_unavailable' from command line to 'False'
[2.105s] Level 5:colcon.colcon_core.verb:set package 'my_package' build argument 'cmake_clean_cache' from command line to 'False'
[2.105s] Level 5:colcon.colcon_core.verb:set package 'my_package' build argument 'cmake_clean_first' from command line to 'False'
[2.105s] Level 5:colcon.colcon_core.verb:set package 'my_package' build argument 'cmake_force_configure' from command line to 'False'
[2.105s] Level 5:colcon.colcon_core.verb:set package 'my_package' build argument 'ament_cmake_args' from command line to 'None'
[2.105s] Level 5:colcon.colcon_core.verb:set package 'my_package' build argument 'catkin_cmake_args' from command line to 'None'
[2.105s] Level 5:colcon.colcon_core.verb:set package 'my_package' build argument 'catkin_skip_building_tests' from command line to 'False'
[2.105s] DEBUG:colcon.colcon_core.verb:Building package 'my_package' with the following arguments: {'ament_cmake_args': None, 'build_base': '/home/parallels/dev_ws/build/my_package', 'catkin_cmake_args': None, 'catkin_skip_building_tests': False, 'cmake_args': None, 'cmake_clean_cache': False, 'cmake_clean_first': False, 'cmake_force_configure': False, 'cmake_target': None, 'cmake_target_skip_unavailable': False, 'install_base': '/home/parallels/dev_ws/install/my_package', 'merge_install': False, 'path': '/home/parallels/dev_ws/src/my_package', 'symlink_install': True, 'test_result_base': None}
[2.129s] INFO:colcon.colcon_core.executor:Executing jobs using 'parallel' executor
[2.154s] DEBUG:colcon.colcon_parallel_executor.executor.parallel:run_until_complete
[2.155s] INFO:colcon.colcon_ros.task.ament_cmake.build:Building ROS package in '/home/parallels/dev_ws/src/my_package' with build type 'ament_cmake'
[2.155s] INFO:colcon.colcon_cmake.task.cmake.build:Building CMake package in '/home/parallels/dev_ws/src/my_package'
[2.184s] INFO:colcon.colcon_core.plugin_system:Skipping extension 'colcon_core.shell.bat': Not used on non-Windows systems
[2.184s] INFO:colcon.colcon_core.shell:Skip shell extension 'powershell' for command environment: Not usable outside of PowerShell
[2.184s] DEBUG:colcon.colcon_core.shell:Skip shell extension 'dsv' for command environment
[2.273s] DEBUG:colcon.colcon_core.event_handler.log_command:Invoking command in '/home/parallels/dev_ws/build/my_package': CMAKE_PREFIX_PATH=${CMAKE_PREFIX_PATH}:/opt/ros/humble /usr/bin/cmake --build /home/parallels/dev_ws/build/my_package -- -j4 -l4
[2.329s] DEBUG:colcon.colcon_core.event_handler.log_command:Invoked command in '/home/parallels/dev_ws/build/my_package' returned '0': CMAKE_PREFIX_PATH=${CMAKE_PREFIX_PATH}:/opt/ros/humble /usr/bin/cmake --build /home/parallels/dev_ws/build/my_package -- -j4 -l4
[2.382s] DEBUG:colcon.colcon_core.event_handler.log_command:Invoking command in '/home/parallels/dev_ws/build/my_package': CMAKE_PREFIX_PATH=${CMAKE_PREFIX_PATH}:/opt/ros/humble /usr/bin/cmake --install /home/parallels/dev_ws/build/my_package
[2.431s] Level 1:colcon.colcon_core.environment:create_environment_scripts_only(my_package)
[2.432s] DEBUG:colcon.colcon_core.event_handler.log_command:Invoked command in '/home/parallels/dev_ws/build/my_package' returned '0': CMAKE_PREFIX_PATH=${CMAKE_PREFIX_PATH}:/opt/ros/humble /usr/bin/cmake --install /home/parallels/dev_ws/build/my_package
[2.459s] Level 1:colcon.colcon_core.environment:checking '/home/parallels/dev_ws/install/my_package' for CMake module files
[2.460s] Level 1:colcon.colcon_core.environment:checking '/home/parallels/dev_ws/install/my_package' for CMake config files
[2.460s] Level 1:colcon.colcon_core.shell:create_environment_hook('my_package', 'cmake_prefix_path')
[2.486s] INFO:colcon.colcon_core.shell:Creating environment hook '/home/parallels/dev_ws/install/my_package/share/my_package/hook/cmake_prefix_path.ps1'
[2.487s] INFO:colcon.colcon_core.shell:Creating environment descriptor '/home/parallels/dev_ws/install/my_package/share/my_package/hook/cmake_prefix_path.dsv'
[2.488s] INFO:colcon.colcon_core.shell:Creating environment hook '/home/parallels/dev_ws/install/my_package/share/my_package/hook/cmake_prefix_path.sh'
[2.489s] Level 1:colcon.colcon_core.environment:checking '/home/parallels/dev_ws/install/my_package/bin'
[2.489s] Level 1:colcon.colcon_core.environment:checking '/home/parallels/dev_ws/install/my_package/lib/pkgconfig/my_package.pc'
[2.489s] Level 1:colcon.colcon_core.environment:checking '/home/parallels/dev_ws/install/my_package/lib/python3.10/site-packages'
[2.490s] Level 1:colcon.colcon_core.environment:checking '/home/parallels/dev_ws/install/my_package/bin'
[2.515s] INFO:colcon.colcon_core.shell:Creating package script '/home/parallels/dev_ws/install/my_package/share/my_package/package.ps1'
[2.517s] INFO:colcon.colcon_core.shell:Creating package descriptor '/home/parallels/dev_ws/install/my_package/share/my_package/package.dsv'
[2.517s] INFO:colcon.colcon_core.shell:Creating package script '/home/parallels/dev_ws/install/my_package/share/my_package/package.sh'
[2.518s] INFO:colcon.colcon_core.shell:Creating package script '/home/parallels/dev_ws/install/my_package/share/my_package/package.bash'
[2.519s] INFO:colcon.colcon_core.shell:Creating package script '/home/parallels/dev_ws/install/my_package/share/my_package/package.zsh'
[2.520s] Level 1:colcon.colcon_core.environment:create_file_with_runtime_dependencies(/home/parallels/dev_ws/install/my_package/share/colcon-core/packages/my_package)
[2.590s] Level 1:colcon.colcon_core.environment:create_environment_scripts_only(my_package)
[2.614s] Level 1:colcon.colcon_core.environment:checking '/home/parallels/dev_ws/install/my_package' for CMake module files
[2.614s] Level 1:colcon.colcon_core.environment:checking '/home/parallels/dev_ws/install/my_package' for CMake config files
[2.615s] Level 1:colcon.colcon_core.shell:create_environment_hook('my_package', 'cmake_prefix_path')
[2.638s] INFO:colcon.colcon_core.shell:Creating environment hook '/home/parallels/dev_ws/install/my_package/share/my_package/hook/cmake_prefix_path.ps1'
[2.639s] INFO:colcon.colcon_core.shell:Creating environment descriptor '/home/parallels/dev_ws/install/my_package/share/my_package/hook/cmake_prefix_path.dsv'
[2.640s] INFO:colcon.colcon_core.shell:Creating environment hook '/home/parallels/dev_ws/install/my_package/share/my_package/hook/cmake_prefix_path.sh'
[2.640s] Level 1:colcon.colcon_core.environment:checking '/home/parallels/dev_ws/install/my_package/bin'
[2.641s] Level 1:colcon.colcon_core.environment:checking '/home/parallels/dev_ws/install/my_package/lib/pkgconfig/my_package.pc'
[2.641s] Level 1:colcon.colcon_core.environment:checking '/home/parallels/dev_ws/install/my_package/lib/python3.10/site-packages'
[2.641s] Level 1:colcon.colcon_core.environment:checking '/home/parallels/dev_ws/install/my_package/bin'
[2.669s] INFO:colcon.colcon_core.shell:Creating package script '/home/parallels/dev_ws/install/my_package/share/my_package/package.ps1'
[2.669s] INFO:colcon.colcon_core.shell:Creating package descriptor '/home/parallels/dev_ws/install/my_package/share/my_package/package.dsv'
[2.670s] INFO:colcon.colcon_core.shell:Creating package script '/home/parallels/dev_ws/install/my_package/share/my_package/package.sh'
[2.671s] INFO:colcon.colcon_core.shell:Creating package script '/home/parallels/dev_ws/install/my_package/share/my_package/package.bash'
[2.671s] INFO:colcon.colcon_core.shell:Creating package script '/home/parallels/dev_ws/install/my_package/share/my_package/package.zsh'
[2.672s] Level 1:colcon.colcon_core.environment:create_file_with_runtime_dependencies(/home/parallels/dev_ws/install/my_package/share/colcon-core/packages/my_package)
[2.672s] DEBUG:colcon.colcon_parallel_executor.executor.parallel:closing loop
[2.673s] DEBUG:colcon.colcon_parallel_executor.executor.parallel:loop closed
[2.673s] DEBUG:colcon.colcon_parallel_executor.executor.parallel:run_until_complete finished with '0'
[2.673s] DEBUG:colcon.colcon_core.event_reactor:joining thread
[2.711s] INFO:colcon.colcon_core.plugin_system:Skipping extension 'colcon_notification.desktop_notification.terminal_notifier': Not used on non-Darwin systems
[2.711s] INFO:colcon.colcon_core.plugin_system:Skipping extension 'colcon_notification.desktop_notification.win32': Not used on non-Windows systems
[2.711s] INFO:colcon.colcon_notification.desktop_notification:Sending desktop notification using 'notify2'
[2.737s] DEBUG:colcon.colcon_core.event_reactor:joined thread
[2.762s] INFO:colcon.colcon_core.shell:Creating prefix script '/home/parallels/dev_ws/install/local_setup.ps1'
[2.764s] INFO:colcon.colcon_core.shell:Creating prefix util module '/home/parallels/dev_ws/install/_local_setup_util_ps1.py'
[2.766s] INFO:colcon.colcon_core.shell:Creating prefix chain script '/home/parallels/dev_ws/install/setup.ps1'
[2.792s] INFO:colcon.colcon_core.shell:Creating prefix script '/home/parallels/dev_ws/install/local_setup.sh'
[2.793s] INFO:colcon.colcon_core.shell:Creating prefix util module '/home/parallels/dev_ws/install/_local_setup_util_sh.py'
[2.793s] INFO:colcon.colcon_core.shell:Creating prefix chain script '/home/parallels/dev_ws/install/setup.sh'
[2.819s] INFO:colcon.colcon_core.shell:Creating prefix script '/home/parallels/dev_ws/install/local_setup.bash'
[2.820s] INFO:colcon.colcon_core.shell:Creating prefix chain script '/home/parallels/dev_ws/install/setup.bash'
[2.847s] INFO:colcon.colcon_core.shell:Creating prefix script '/home/parallels/dev_ws/install/local_setup.zsh'
[2.848s] INFO:colcon.colcon_core.shell:Creating prefix chain script '/home/parallels/dev_ws/install/setup.zsh'
