[0.114s] Invoking command in '/home/parallels/dev_ws/build/my_package': CMAKE_PREFIX_PATH=/opt/ros/humble /usr/bin/cmake --build /home/parallels/dev_ws/build/my_package -- -j4 -l4
[0.179s] Invoked command in '/home/parallels/dev_ws/build/my_package' returned '0': CMAKE_PREFIX_PATH=/opt/ros/humble /usr/bin/cmake --build /home/parallels/dev_ws/build/my_package -- -j4 -l4
[0.236s] Invoking command in '/home/parallels/dev_ws/build/my_package': CMAKE_PREFIX_PATH=/opt/ros/humble /usr/bin/cmake --install /home/parallels/dev_ws/build/my_package
[0.249s] -- Install configuration: ""
[0.250s] -- Execute custom install script
[0.250s] -- Up-to-date symlink: /home/parallels/dev_ws/install/my_package/share/my_package/launch/listener.launch.py
[0.250s] -- Up-to-date symlink: /home/parallels/dev_ws/install/my_package/share/my_package/launch/robot_state_publisher.launch.py
[0.250s] -- Up-to-date symlink: /home/parallels/dev_ws/install/my_package/share/my_package/launch/rsp.launch.py
[0.251s] -- Up-to-date symlink: /home/parallels/dev_ws/install/my_package/share/my_package/launch/rsp_sim.launch.py
[0.251s] -- Up-to-date symlink: /home/parallels/dev_ws/install/my_package/share/my_package/launch/talker.launch.py
[0.251s] -- Up-to-date symlink: /home/parallels/dev_ws/install/my_package/share/my_package//description/gazebo_control.xacro
[0.251s] -- Up-to-date symlink: /home/parallels/dev_ws/install/my_package/share/my_package//description/inertial_macros.xacro
[0.251s] -- Up-to-date symlink: /home/parallels/dev_ws/install/my_package/share/my_package//description/lidar.xacro
[0.251s] -- Up-to-date symlink: /home/parallels/dev_ws/install/my_package/share/my_package//description/robot.urdf.xacro
[0.252s] -- Up-to-date symlink: /home/parallels/dev_ws/install/my_package/share/my_package//description/robot_core.xacro
[0.252s] -- Up-to-date symlink: /home/parallels/dev_ws/install/my_package/share/my_package//description/ros2_control.xacro
[0.254s] -- Up-to-date symlink: /home/parallels/dev_ws/install/my_package/share/my_package/config/drive_bot.rviz
[0.254s] -- Up-to-date symlink: /home/parallels/dev_ws/install/my_package/share/my_package/config/empty.yaml
[0.254s] -- Up-to-date symlink: /home/parallels/dev_ws/install/my_package/share/my_package/config/my_controllers.yaml
[0.254s] -- Up-to-date symlink: /home/parallels/dev_ws/install/my_package/share/my_package/config/view_bot.rviz
[0.254s] -- Up-to-date symlink: /home/parallels/dev_ws/install/my_package/share/my_package/description/gazebo_control.xacro
[0.255s] -- Up-to-date symlink: /home/parallels/dev_ws/install/my_package/share/my_package/description/inertial_macros.xacro
[0.255s] -- Up-to-date symlink: /home/parallels/dev_ws/install/my_package/share/my_package/description/lidar.xacro
[0.255s] -- Up-to-date symlink: /home/parallels/dev_ws/install/my_package/share/my_package/description/robot.urdf.xacro
[0.255s] -- Up-to-date symlink: /home/parallels/dev_ws/install/my_package/share/my_package/description/robot_core.xacro
[0.256s] -- Up-to-date symlink: /home/parallels/dev_ws/install/my_package/share/my_package/description/ros2_control.xacro
[0.256s] -- Up-to-date symlink: /home/parallels/dev_ws/install/my_package/share/my_package/launch/listener.launch.py
[0.256s] -- Up-to-date symlink: /home/parallels/dev_ws/install/my_package/share/my_package/launch/robot_state_publisher.launch.py
[0.256s] -- Up-to-date symlink: /home/parallels/dev_ws/install/my_package/share/my_package/launch/rsp.launch.py
[0.256s] -- Up-to-date symlink: /home/parallels/dev_ws/install/my_package/share/my_package/launch/rsp_sim.launch.py
[0.256s] -- Up-to-date symlink: /home/parallels/dev_ws/install/my_package/share/my_package/launch/talker.launch.py
[0.256s] -- Up-to-date symlink: /home/parallels/dev_ws/install/my_package/share/my_package/worlds/empty.world
[0.257s] -- Up-to-date symlink: /home/parallels/dev_ws/install/my_package/share/my_package/worlds/obstacles.world
[0.257s] -- Up-to-date symlink: /home/parallels/dev_ws/install/my_package/share/my_package/config/drive_bot.rviz
[0.257s] -- Up-to-date symlink: /home/parallels/dev_ws/install/my_package/share/my_package/config/empty.yaml
[0.257s] -- Up-to-date symlink: /home/parallels/dev_ws/install/my_package/share/my_package/config/my_controllers.yaml
[0.257s] -- Up-to-date symlink: /home/parallels/dev_ws/install/my_package/share/my_package/config/view_bot.rviz
[0.258s] -- Up-to-date symlink: /home/parallels/dev_ws/install/my_package/share/my_package/description/gazebo_control.xacro
[0.258s] -- Up-to-date symlink: /home/parallels/dev_ws/install/my_package/share/my_package/description/inertial_macros.xacro
[0.258s] -- Up-to-date symlink: /home/parallels/dev_ws/install/my_package/share/my_package/description/lidar.xacro
[0.259s] -- Up-to-date symlink: /home/parallels/dev_ws/install/my_package/share/my_package/description/robot.urdf.xacro
[0.259s] -- Up-to-date symlink: /home/parallels/dev_ws/install/my_package/share/my_package/description/robot_core.xacro
[0.259s] -- Up-to-date symlink: /home/parallels/dev_ws/install/my_package/share/my_package/description/ros2_control.xacro
[0.259s] -- Up-to-date symlink: /home/parallels/dev_ws/install/my_package/share/my_package/launch/listener.launch.py
[0.260s] -- Up-to-date symlink: /home/parallels/dev_ws/install/my_package/share/my_package/launch/robot_state_publisher.launch.py
[0.260s] -- Up-to-date symlink: /home/parallels/dev_ws/install/my_package/share/my_package/launch/rsp.launch.py
[0.260s] -- Up-to-date symlink: /home/parallels/dev_ws/install/my_package/share/my_package/launch/rsp_sim.launch.py
[0.261s] -- Up-to-date symlink: /home/parallels/dev_ws/install/my_package/share/my_package/launch/talker.launch.py
[0.261s] -- Up-to-date symlink: /home/parallels/dev_ws/install/my_package/share/my_package/config/drive_bot.rviz
[0.261s] -- Up-to-date symlink: /home/parallels/dev_ws/install/my_package/share/my_package/config/empty.yaml
[0.262s] -- Up-to-date symlink: /home/parallels/dev_ws/install/my_package/share/my_package/config/my_controllers.yaml
[0.262s] -- Up-to-date symlink: /home/parallels/dev_ws/install/my_package/share/my_package/config/view_bot.rviz
[0.262s] -- Up-to-date symlink: /home/parallels/dev_ws/install/my_package/share/ament_index/resource_index/package_run_dependencies/my_package
[0.262s] -- Up-to-date symlink: /home/parallels/dev_ws/install/my_package/share/ament_index/resource_index/parent_prefix_path/my_package
[0.262s] -- Up-to-date symlink: /home/parallels/dev_ws/install/my_package/share/my_package/environment/ament_prefix_path.sh
[0.263s] -- Up-to-date symlink: /home/parallels/dev_ws/install/my_package/share/my_package/environment/ament_prefix_path.dsv
[0.263s] -- Up-to-date symlink: /home/parallels/dev_ws/install/my_package/share/my_package/environment/path.sh
[0.263s] -- Up-to-date symlink: /home/parallels/dev_ws/install/my_package/share/my_package/environment/path.dsv
[0.263s] -- Up-to-date symlink: /home/parallels/dev_ws/install/my_package/share/my_package/local_setup.bash
[0.264s] -- Up-to-date symlink: /home/parallels/dev_ws/install/my_package/share/my_package/local_setup.sh
[0.265s] -- Up-to-date symlink: /home/parallels/dev_ws/install/my_package/share/my_package/local_setup.zsh
[0.265s] -- Up-to-date symlink: /home/parallels/dev_ws/install/my_package/share/my_package/local_setup.dsv
[0.265s] -- Symlinking: /home/parallels/dev_ws/install/my_package/share/my_package/package.dsv
[0.280s] -- Up-to-date symlink: /home/parallels/dev_ws/install/my_package/share/ament_index/resource_index/packages/my_package
[0.280s] -- Up-to-date symlink: /home/parallels/dev_ws/install/my_package/share/my_package/cmake/my_packageConfig.cmake
[0.281s] -- Up-to-date symlink: /home/parallels/dev_ws/install/my_package/share/my_package/cmake/my_packageConfig-version.cmake
[0.281s] -- Up-to-date symlink: /home/parallels/dev_ws/install/my_package/share/my_package/package.xml
[0.283s] Invoked command in '/home/parallels/dev_ws/build/my_package' returned '0': CMAKE_PREFIX_PATH=/opt/ros/humble /usr/bin/cmake --install /home/parallels/dev_ws/build/my_package
