[0.161s] Invoking command in '/home/parallels/dev_ws/build/my_package': CMAKE_PREFIX_PATH=${CMAKE_PREFIX_PATH}:/opt/ros/humble /usr/bin/cmake --build /home/parallels/dev_ws/build/my_package -- -j2 -l2
[0.227s] Invoked command in '/home/parallels/dev_ws/build/my_package' returned '0': CMAKE_PREFIX_PATH=${CMAKE_PREFIX_PATH}:/opt/ros/humble /usr/bin/cmake --build /home/parallels/dev_ws/build/my_package -- -j2 -l2
[0.284s] Invoking command in '/home/parallels/dev_ws/build/my_package': CMAKE_PREFIX_PATH=${CMAKE_PREFIX_PATH}:/opt/ros/humble /usr/bin/cmake --install /home/parallels/dev_ws/build/my_package
[0.300s] -- Install configuration: ""
[0.302s] -- Execute custom install script
[0.303s] -- Up-to-date symlink: /home/parallels/dev_ws/install/my_package/share/my_package/launch/listener.launch.py
[0.304s] -- Up-to-date symlink: /home/parallels/dev_ws/install/my_package/share/my_package/launch/robot_state_publisher.launch.py
[0.305s] -- Up-to-date symlink: /home/parallels/dev_ws/install/my_package/share/my_package/launch/rsp.launch.py
[0.306s] -- Up-to-date symlink: /home/parallels/dev_ws/install/my_package/share/my_package/launch/rsp_sim.launch.py
[0.307s] -- Up-to-date symlink: /home/parallels/dev_ws/install/my_package/share/my_package/launch/talker.launch.py
[0.308s] -- Up-to-date symlink: /home/parallels/dev_ws/install/my_package/share/ament_index/resource_index/package_run_dependencies/my_package
[0.308s] -- Up-to-date symlink: /home/parallels/dev_ws/install/my_package/share/ament_index/resource_index/parent_prefix_path/my_package
[0.310s] -- Up-to-date symlink: /home/parallels/dev_ws/install/my_package/share/my_package/environment/ament_prefix_path.sh
[0.311s] -- Up-to-date symlink: /home/parallels/dev_ws/install/my_package/share/my_package/environment/ament_prefix_path.dsv
[0.313s] -- Up-to-date symlink: /home/parallels/dev_ws/install/my_package/share/my_package/environment/path.sh
[0.313s] -- Up-to-date symlink: /home/parallels/dev_ws/install/my_package/share/my_package/environment/path.dsv
[0.314s] -- Up-to-date symlink: /home/parallels/dev_ws/install/my_package/share/my_package/local_setup.bash
[0.315s] -- Up-to-date symlink: /home/parallels/dev_ws/install/my_package/share/my_package/local_setup.sh
[0.316s] -- Up-to-date symlink: /home/parallels/dev_ws/install/my_package/share/my_package/local_setup.zsh
[0.316s] -- Up-to-date symlink: /home/parallels/dev_ws/install/my_package/share/my_package/local_setup.dsv
[0.317s] -- Symlinking: /home/parallels/dev_ws/install/my_package/share/my_package/package.dsv
[0.326s] -- Up-to-date symlink: /home/parallels/dev_ws/install/my_package/share/ament_index/resource_index/packages/my_package
[0.327s] -- Up-to-date symlink: /home/parallels/dev_ws/install/my_package/share/my_package/cmake/my_packageConfig.cmake
[0.327s] -- Up-to-date symlink: /home/parallels/dev_ws/install/my_package/share/my_package/cmake/my_packageConfig-version.cmake
[0.329s] -- Up-to-date symlink: /home/parallels/dev_ws/install/my_package/share/my_package/package.xml
[0.329s] Invoked command in '/home/parallels/dev_ws/build/my_package' returned '0': CMAKE_PREFIX_PATH=${CMAKE_PREFIX_PATH}:/opt/ros/humble /usr/bin/cmake --install /home/parallels/dev_ws/build/my_package
