[0.141s] Invoking command in '/home/parallels/dev_ws/build/my_package': CMAKE_PREFIX_PATH=${CMAKE_PREFIX_PATH}:/opt/ros/humble /usr/bin/cmake /home/parallels/dev_ws/src/my_package -DAMENT_CMAKE_SYMLINK_INSTALL=1 -DCMAKE_INSTALL_PREFIX=/home/parallels/dev_ws/install/my_package
[0.352s] -- The C compiler identification is GNU 11.4.0
[0.502s] -- The CXX compiler identification is GNU 11.4.0
[0.523s] -- Detecting C compiler ABI info
[0.647s] -- Detecting C compiler ABI info - done
[0.659s] -- Check for working C compiler: /usr/bin/cc - skipped
[0.660s] -- Detecting C compile features
[0.662s] -- Detecting C compile features - done
[0.668s] -- Detecting CXX compiler ABI info
[0.794s] -- Detecting CXX compiler ABI info - done
[0.804s] -- Check for working CXX compiler: /usr/bin/c++ - skipped
[0.805s] -- Detecting CXX compile features
[0.806s] -- Detecting CXX compile features - done
[0.812s] -- Found ament_cmake: 1.3.7 (/opt/ros/humble/share/ament_cmake/cmake)
[1.070s] -- Found Python3: /usr/bin/python3.10 (found version "3.10.12") found components: Interpreter 
[1.181s] -- Override CMake install command with custom implementation using symlinks instead of copying resources
[1.260s] -- Found ament_lint_auto: 0.12.10 (/opt/ros/humble/share/ament_lint_auto/cmake)
[1.401s] -- Added test 'flake8' to check Python code syntax and style conventions
[1.403s] -- Added test 'lint_cmake' to check CMake code style
[1.404s] -- Added test 'pep257' to check Python code against some of the docstring style conventions in PEP 257
[1.406s] -- Added test 'xmllint' to check XML markup files
[1.411s] -- Configuring done
[1.415s] -- Generating done
[1.417s] -- Build files have been written to: /home/parallels/dev_ws/build/my_package
[1.425s] Invoked command in '/home/parallels/dev_ws/build/my_package' returned '0': CMAKE_PREFIX_PATH=${CMAKE_PREFIX_PATH}:/opt/ros/humble /usr/bin/cmake /home/parallels/dev_ws/src/my_package -DAMENT_CMAKE_SYMLINK_INSTALL=1 -DCMAKE_INSTALL_PREFIX=/home/parallels/dev_ws/install/my_package
[1.426s] Invoking command in '/home/parallels/dev_ws/build/my_package': CMAKE_PREFIX_PATH=${CMAKE_PREFIX_PATH}:/opt/ros/humble /usr/bin/cmake --build /home/parallels/dev_ws/build/my_package -- -j2 -l2
[1.495s] Invoked command in '/home/parallels/dev_ws/build/my_package' returned '0': CMAKE_PREFIX_PATH=${CMAKE_PREFIX_PATH}:/opt/ros/humble /usr/bin/cmake --build /home/parallels/dev_ws/build/my_package -- -j2 -l2
[1.554s] Invoking command in '/home/parallels/dev_ws/build/my_package': CMAKE_PREFIX_PATH=${CMAKE_PREFIX_PATH}:/opt/ros/humble /usr/bin/cmake --install /home/parallels/dev_ws/build/my_package
[1.571s] -- Install configuration: ""
[1.572s] -- Execute custom install script
[1.573s] -- Symlinking: /home/parallels/dev_ws/install/my_package/share/my_package/launch/listener.launch.py
[1.591s] -- Symlinking: /home/parallels/dev_ws/install/my_package/share/my_package/launch/robot_state_publisher.launch.py
[1.606s] -- Symlinking: /home/parallels/dev_ws/install/my_package/share/my_package/launch/rsp.launch.py
[1.624s] -- Symlinking: /home/parallels/dev_ws/install/my_package/share/my_package/launch/rsp_sim.launch.py
[1.647s] -- Symlinking: /home/parallels/dev_ws/install/my_package/share/my_package/launch/talker.launch.py
[1.663s] -- Symlinking: /home/parallels/dev_ws/install/my_package/share/ament_index/resource_index/package_run_dependencies/my_package
[1.679s] -- Symlinking: /home/parallels/dev_ws/install/my_package/share/ament_index/resource_index/parent_prefix_path/my_package
[1.692s] -- Symlinking: /home/parallels/dev_ws/install/my_package/share/my_package/environment/ament_prefix_path.sh
[1.705s] -- Symlinking: /home/parallels/dev_ws/install/my_package/share/my_package/environment/ament_prefix_path.dsv
[1.718s] -- Symlinking: /home/parallels/dev_ws/install/my_package/share/my_package/environment/path.sh
[1.730s] -- Symlinking: /home/parallels/dev_ws/install/my_package/share/my_package/environment/path.dsv
[1.743s] -- Symlinking: /home/parallels/dev_ws/install/my_package/share/my_package/local_setup.bash
[1.757s] -- Symlinking: /home/parallels/dev_ws/install/my_package/share/my_package/local_setup.sh
[1.769s] -- Symlinking: /home/parallels/dev_ws/install/my_package/share/my_package/local_setup.zsh
[1.781s] -- Symlinking: /home/parallels/dev_ws/install/my_package/share/my_package/local_setup.dsv
[1.794s] -- Symlinking: /home/parallels/dev_ws/install/my_package/share/my_package/package.dsv
[1.807s] -- Symlinking: /home/parallels/dev_ws/install/my_package/share/ament_index/resource_index/packages/my_package
[1.822s] -- Symlinking: /home/parallels/dev_ws/install/my_package/share/my_package/cmake/my_packageConfig.cmake
[1.838s] -- Symlinking: /home/parallels/dev_ws/install/my_package/share/my_package/cmake/my_packageConfig-version.cmake
[1.855s] -- Symlinking: /home/parallels/dev_ws/install/my_package/share/my_package/package.xml
[1.869s] Invoked command in '/home/parallels/dev_ws/build/my_package' returned '0': CMAKE_PREFIX_PATH=${CMAKE_PREFIX_PATH}:/opt/ros/humble /usr/bin/cmake --install /home/parallels/dev_ws/build/my_package
