[0.148s] Invoking command in '/home/parallels/dev_ws/build/my_package': CMAKE_PREFIX_PATH=${CMAKE_PREFIX_PATH}:/opt/ros/humble /usr/bin/cmake --build /home/parallels/dev_ws/build/my_package -- -j2 -l2
[0.297s] Invoked command in '/home/parallels/dev_ws/build/my_package' returned '0': CMAKE_PREFIX_PATH=${CMAKE_PREFIX_PATH}:/opt/ros/humble /usr/bin/cmake --build /home/parallels/dev_ws/build/my_package -- -j2 -l2
[0.359s] Invoking command in '/home/parallels/dev_ws/build/my_package': CMAKE_PREFIX_PATH=${CMAKE_PREFIX_PATH}:/opt/ros/humble /usr/bin/cmake --install /home/parallels/dev_ws/build/my_package
[0.374s] -- Install configuration: ""
[0.376s] -- Execute custom install script
[0.378s] -- Up-to-date symlink: /home/parallels/dev_ws/install/my_package/share/my_package/launch/listener.launch.py
[0.379s] -- Up-to-date symlink: /home/parallels/dev_ws/install/my_package/share/my_package/launch/robot_state_publisher.launch.py
[0.380s] -- Up-to-date symlink: /home/parallels/dev_ws/install/my_package/share/my_package/launch/rsp.launch.py
[0.381s] -- Up-to-date symlink: /home/parallels/dev_ws/install/my_package/share/my_package/launch/rsp_sim.launch.py
[0.382s] -- Up-to-date symlink: /home/parallels/dev_ws/install/my_package/share/my_package/launch/talker.launch.py
[0.382s] -- Up-to-date symlink: /home/parallels/dev_ws/install/my_package/share/my_package//description/example_gazebo.xacro
[0.384s] -- Up-to-date symlink: /home/parallels/dev_ws/install/my_package/share/my_package//description/example_include.xacro
[0.385s] -- Up-to-date symlink: /home/parallels/dev_ws/install/my_package/share/my_package//description/example_robot.urdf.xacro
[0.386s] -- Up-to-date symlink: /home/parallels/dev_ws/install/my_package/share/ament_index/resource_index/package_run_dependencies/my_package
[0.387s] -- Up-to-date symlink: /home/parallels/dev_ws/install/my_package/share/ament_index/resource_index/parent_prefix_path/my_package
[0.388s] -- Up-to-date symlink: /home/parallels/dev_ws/install/my_package/share/my_package/environment/ament_prefix_path.sh
[0.389s] -- Up-to-date symlink: /home/parallels/dev_ws/install/my_package/share/my_package/environment/ament_prefix_path.dsv
[0.390s] -- Up-to-date symlink: /home/parallels/dev_ws/install/my_package/share/my_package/environment/path.sh
[0.391s] -- Up-to-date symlink: /home/parallels/dev_ws/install/my_package/share/my_package/environment/path.dsv
[0.392s] -- Up-to-date symlink: /home/parallels/dev_ws/install/my_package/share/my_package/local_setup.bash
[0.393s] -- Up-to-date symlink: /home/parallels/dev_ws/install/my_package/share/my_package/local_setup.sh
[0.394s] -- Up-to-date symlink: /home/parallels/dev_ws/install/my_package/share/my_package/local_setup.zsh
[0.395s] -- Up-to-date symlink: /home/parallels/dev_ws/install/my_package/share/my_package/local_setup.dsv
[0.395s] -- Symlinking: /home/parallels/dev_ws/install/my_package/share/my_package/package.dsv
[0.408s] -- Up-to-date symlink: /home/parallels/dev_ws/install/my_package/share/ament_index/resource_index/packages/my_package
[0.409s] -- Up-to-date symlink: /home/parallels/dev_ws/install/my_package/share/my_package/cmake/my_packageConfig.cmake
[0.410s] -- Up-to-date symlink: /home/parallels/dev_ws/install/my_package/share/my_package/cmake/my_packageConfig-version.cmake
[0.411s] -- Up-to-date symlink: /home/parallels/dev_ws/install/my_package/share/my_package/package.xml
[0.414s] Invoked command in '/home/parallels/dev_ws/build/my_package' returned '0': CMAKE_PREFIX_PATH=${CMAKE_PREFIX_PATH}:/opt/ros/humble /usr/bin/cmake --install /home/parallels/dev_ws/build/my_package
