[3.155s] DEBUG:colcon:Command line arguments: ['/usr/bin/colcon', 'build', '--symlink-install']
[3.155s] DEBUG:colcon:Parsed command line arguments: Namespace(log_base=None, log_level=None, verb_name='build', build_base='build', install_base='install', merge_install=False, symlink_install=True, test_result_base=None, continue_on_error=False, executor='parallel', parallel_workers=2, event_handlers=None, ignore_user_meta=False, metas=['./colcon.meta'], base_paths=['.'], packages_ignore=None, packages_ignore_regex=None, paths=None, packages_up_to=None, packages_up_to_regex=None, packages_above=None, packages_above_and_dependencies=None, packages_above_depth=None, packages_select_by_dep=None, packages_skip_by_dep=None, packages_skip_up_to=None, packages_select_build_failed=False, packages_skip_build_finished=False, packages_select_test_failures=False, packages_skip_test_passed=False, packages_select=None, packages_skip=None, packages_select_regex=None, packages_skip_regex=None, packages_start=None, packages_end=None, allow_overriding=[], cmake_args=None, cmake_target=None, cmake_target_skip_unavailable=False, cmake_clean_cache=False, cmake_clean_first=False, cmake_force_configure=False, ament_cmake_args=None, catkin_cmake_args=None, catkin_skip_building_tests=False, verb_parser=<colcon_defaults.argument_parser.defaults.DefaultArgumentsDecorator object at 0x7f841cf53220>, verb_extension=<colcon_core.verb.build.BuildVerb object at 0x7f841d382ef0>, main=<bound method BuildVerb.main of <colcon_core.verb.build.BuildVerb object at 0x7f841d382ef0>>)
[3.323s] Level 1:colcon.colcon_core.package_discovery:discover_packages(colcon_meta) check parameters
[3.323s] Level 1:colcon.colcon_core.package_discovery:discover_packages(recursive) check parameters
[3.323s] Level 1:colcon.colcon_core.package_discovery:discover_packages(ignore) check parameters
[3.323s] Level 1:colcon.colcon_core.package_discovery:discover_packages(path) check parameters
[3.323s] Level 1:colcon.colcon_core.package_discovery:discover_packages(colcon_meta) discover
[3.323s] Level 1:colcon.colcon_core.package_discovery:discover_packages(recursive) discover
[3.323s] INFO:colcon.colcon_core.package_discovery:Crawling recursively for packages in '/home/parallels/dev_ws'
[3.324s] Level 1:colcon.colcon_core.package_identification:_identify(.) by extensions ['ignore', 'ignore_ament_install']
[3.324s] Level 1:colcon.colcon_core.package_identification:_identify(.) by extension 'ignore'
[3.324s] Level 1:colcon.colcon_core.package_identification:_identify(.) by extension 'ignore_ament_install'
[3.324s] Level 1:colcon.colcon_core.package_identification:_identify(.) by extensions ['colcon_pkg']
[3.324s] Level 1:colcon.colcon_core.package_identification:_identify(.) by extension 'colcon_pkg'
[3.324s] Level 1:colcon.colcon_core.package_identification:_identify(.) by extensions ['colcon_meta']
[3.324s] Level 1:colcon.colcon_core.package_identification:_identify(.) by extension 'colcon_meta'
[3.324s] Level 1:colcon.colcon_core.package_identification:_identify(.) by extensions ['ros']
[3.324s] Level 1:colcon.colcon_core.package_identification:_identify(.) by extension 'ros'
[3.354s] Level 1:colcon.colcon_core.package_identification:_identify(.) by extensions ['cmake', 'python']
[3.357s] Level 1:colcon.colcon_core.package_identification:_identify(.) by extension 'cmake'
[3.359s] Level 1:colcon.colcon_core.package_identification:_identify(.) by extension 'python'
[3.360s] Level 1:colcon.colcon_core.package_identification:_identify(.) by extensions ['python_setup_py']
[3.360s] Level 1:colcon.colcon_core.package_identification:_identify(.) by extension 'python_setup_py'
[3.360s] Level 1:colcon.colcon_core.package_identification:_identify(build) by extensions ['ignore', 'ignore_ament_install']
[3.360s] Level 1:colcon.colcon_core.package_identification:_identify(build) by extension 'ignore'
[3.361s] Level 1:colcon.colcon_core.package_identification:_identify(build) ignored
[3.361s] Level 1:colcon.colcon_core.package_identification:_identify(install) by extensions ['ignore', 'ignore_ament_install']
[3.361s] Level 1:colcon.colcon_core.package_identification:_identify(install) by extension 'ignore'
[3.362s] Level 1:colcon.colcon_core.package_identification:_identify(install) ignored
[3.362s] Level 1:colcon.colcon_core.package_identification:_identify(log) by extensions ['ignore', 'ignore_ament_install']
[3.362s] Level 1:colcon.colcon_core.package_identification:_identify(log) by extension 'ignore'
[3.362s] Level 1:colcon.colcon_core.package_identification:_identify(log) ignored
[3.363s] Level 1:colcon.colcon_core.package_identification:_identify(my_package) by extensions ['ignore', 'ignore_ament_install']
[3.364s] Level 1:colcon.colcon_core.package_identification:_identify(my_package) by extension 'ignore'
[3.364s] Level 1:colcon.colcon_core.package_identification:_identify(my_package) by extension 'ignore_ament_install'
[3.364s] Level 1:colcon.colcon_core.package_identification:_identify(my_package) by extensions ['colcon_pkg']
[3.364s] Level 1:colcon.colcon_core.package_identification:_identify(my_package) by extension 'colcon_pkg'
[3.365s] Level 1:colcon.colcon_core.package_identification:_identify(my_package) by extensions ['colcon_meta']
[3.365s] Level 1:colcon.colcon_core.package_identification:_identify(my_package) by extension 'colcon_meta'
[3.365s] Level 1:colcon.colcon_core.package_identification:_identify(my_package) by extensions ['ros']
[3.365s] Level 1:colcon.colcon_core.package_identification:_identify(my_package) by extension 'ros'
[3.366s] Level 1:colcon.colcon_core.package_identification:_identify(my_package) by extensions ['cmake', 'python']
[3.366s] Level 1:colcon.colcon_core.package_identification:_identify(my_package) by extension 'cmake'
[3.366s] Level 1:colcon.colcon_core.package_identification:_identify(my_package) by extension 'python'
[3.367s] Level 1:colcon.colcon_core.package_identification:_identify(my_package) by extensions ['python_setup_py']
[3.367s] Level 1:colcon.colcon_core.package_identification:_identify(my_package) by extension 'python_setup_py'
[3.368s] Level 1:colcon.colcon_core.package_identification:_identify(my_package/launch) by extensions ['ignore', 'ignore_ament_install']
[3.368s] Level 1:colcon.colcon_core.package_identification:_identify(my_package/launch) by extension 'ignore'
[3.368s] Level 1:colcon.colcon_core.package_identification:_identify(my_package/launch) by extension 'ignore_ament_install'
[3.368s] Level 1:colcon.colcon_core.package_identification:_identify(my_package/launch) by extensions ['colcon_pkg']
[3.369s] Level 1:colcon.colcon_core.package_identification:_identify(my_package/launch) by extension 'colcon_pkg'
[3.369s] Level 1:colcon.colcon_core.package_identification:_identify(my_package/launch) by extensions ['colcon_meta']
[3.369s] Level 1:colcon.colcon_core.package_identification:_identify(my_package/launch) by extension 'colcon_meta'
[3.369s] Level 1:colcon.colcon_core.package_identification:_identify(my_package/launch) by extensions ['ros']
[3.369s] Level 1:colcon.colcon_core.package_identification:_identify(my_package/launch) by extension 'ros'
[3.370s] Level 1:colcon.colcon_core.package_identification:_identify(my_package/launch) by extensions ['cmake', 'python']
[3.370s] Level 1:colcon.colcon_core.package_identification:_identify(my_package/launch) by extension 'cmake'
[3.370s] Level 1:colcon.colcon_core.package_identification:_identify(my_package/launch) by extension 'python'
[3.370s] Level 1:colcon.colcon_core.package_identification:_identify(my_package/launch) by extensions ['python_setup_py']
[3.371s] Level 1:colcon.colcon_core.package_identification:_identify(my_package/launch) by extension 'python_setup_py'
[3.373s] Level 1:colcon.colcon_core.package_identification:_identify(src) by extensions ['ignore', 'ignore_ament_install']
[3.373s] Level 1:colcon.colcon_core.package_identification:_identify(src) by extension 'ignore'
[3.374s] Level 1:colcon.colcon_core.package_identification:_identify(src) by extension 'ignore_ament_install'
[3.374s] Level 1:colcon.colcon_core.package_identification:_identify(src) by extensions ['colcon_pkg']
[3.374s] Level 1:colcon.colcon_core.package_identification:_identify(src) by extension 'colcon_pkg'
[3.374s] Level 1:colcon.colcon_core.package_identification:_identify(src) by extensions ['colcon_meta']
[3.375s] Level 1:colcon.colcon_core.package_identification:_identify(src) by extension 'colcon_meta'
[3.375s] Level 1:colcon.colcon_core.package_identification:_identify(src) by extensions ['ros']
[3.375s] Level 1:colcon.colcon_core.package_identification:_identify(src) by extension 'ros'
[3.375s] Level 1:colcon.colcon_core.package_identification:_identify(src) by extensions ['cmake', 'python']
[3.375s] Level 1:colcon.colcon_core.package_identification:_identify(src) by extension 'cmake'
[3.376s] Level 1:colcon.colcon_core.package_identification:_identify(src) by extension 'python'
[3.376s] Level 1:colcon.colcon_core.package_identification:_identify(src) by extensions ['python_setup_py']
[3.376s] Level 1:colcon.colcon_core.package_identification:_identify(src) by extension 'python_setup_py'
[3.377s] Level 1:colcon.colcon_core.package_identification:_identify(src/my_package) by extensions ['ignore', 'ignore_ament_install']
[3.377s] Level 1:colcon.colcon_core.package_identification:_identify(src/my_package) by extension 'ignore'
[3.377s] Level 1:colcon.colcon_core.package_identification:_identify(src/my_package) by extension 'ignore_ament_install'
[3.377s] Level 1:colcon.colcon_core.package_identification:_identify(src/my_package) by extensions ['colcon_pkg']
[3.378s] Level 1:colcon.colcon_core.package_identification:_identify(src/my_package) by extension 'colcon_pkg'
[3.378s] Level 1:colcon.colcon_core.package_identification:_identify(src/my_package) by extensions ['colcon_meta']
[3.378s] Level 1:colcon.colcon_core.package_identification:_identify(src/my_package) by extension 'colcon_meta'
[3.380s] Level 1:colcon.colcon_core.package_identification:_identify(src/my_package) by extensions ['ros']
[3.381s] Level 1:colcon.colcon_core.package_identification:_identify(src/my_package) by extension 'ros'
[3.387s] DEBUG:colcon.colcon_core.package_identification:Package 'src/my_package' with type 'ros.ament_cmake' and name 'my_package'
[3.388s] Level 1:colcon.colcon_core.package_discovery:discover_packages(recursive) using defaults
[3.388s] Level 1:colcon.colcon_core.package_discovery:discover_packages(ignore) discover
[3.388s] Level 1:colcon.colcon_core.package_discovery:discover_packages(ignore) using defaults
[3.388s] Level 1:colcon.colcon_core.package_discovery:discover_packages(path) discover
[3.389s] Level 1:colcon.colcon_core.package_discovery:discover_packages(path) using defaults
[3.587s] Level 1:colcon.colcon_core.package_discovery:discover_packages(prefix_path) check parameters
[3.587s] Level 1:colcon.colcon_core.package_discovery:discover_packages(prefix_path) discover
[3.642s] DEBUG:colcon.colcon_installed_package_information.package_discovery:Found 1 installed packages in /home/parallels/dev_ws/install
[3.675s] DEBUG:colcon.colcon_installed_package_information.package_discovery:Found 280 installed packages in /opt/ros/humble
[3.676s] Level 1:colcon.colcon_core.package_discovery:discover_packages(prefix_path) using defaults
[3.985s] Level 5:colcon.colcon_core.verb:set package 'my_package' build argument 'cmake_args' from command line to 'None'
[3.985s] Level 5:colcon.colcon_core.verb:set package 'my_package' build argument 'cmake_target' from command line to 'None'
[3.986s] Level 5:colcon.colcon_core.verb:set package 'my_package' build argument 'cmake_target_skip_unavailable' from command line to 'False'
[3.986s] Level 5:colcon.colcon_core.verb:set package 'my_package' build argument 'cmake_clean_cache' from command line to 'False'
[3.986s] Level 5:colcon.colcon_core.verb:set package 'my_package' build argument 'cmake_clean_first' from command line to 'False'
[3.986s] Level 5:colcon.colcon_core.verb:set package 'my_package' build argument 'cmake_force_configure' from command line to 'False'
[3.986s] Level 5:colcon.colcon_core.verb:set package 'my_package' build argument 'ament_cmake_args' from command line to 'None'
[3.986s] Level 5:colcon.colcon_core.verb:set package 'my_package' build argument 'catkin_cmake_args' from command line to 'None'
[3.987s] Level 5:colcon.colcon_core.verb:set package 'my_package' build argument 'catkin_skip_building_tests' from command line to 'False'
[3.987s] DEBUG:colcon.colcon_core.verb:Building package 'my_package' with the following arguments: {'ament_cmake_args': None, 'build_base': '/home/parallels/dev_ws/build/my_package', 'catkin_cmake_args': None, 'catkin_skip_building_tests': False, 'cmake_args': None, 'cmake_clean_cache': False, 'cmake_clean_first': False, 'cmake_force_configure': False, 'cmake_target': None, 'cmake_target_skip_unavailable': False, 'install_base': '/home/parallels/dev_ws/install/my_package', 'merge_install': False, 'path': '/home/parallels/dev_ws/src/my_package', 'symlink_install': True, 'test_result_base': None}
[4.011s] INFO:colcon.colcon_core.executor:Executing jobs using 'parallel' executor
[4.047s] DEBUG:colcon.colcon_parallel_executor.executor.parallel:run_until_complete
[4.048s] INFO:colcon.colcon_ros.task.ament_cmake.build:Building ROS package in '/home/parallels/dev_ws/src/my_package' with build type 'ament_cmake'
[4.048s] INFO:colcon.colcon_cmake.task.cmake.build:Building CMake package in '/home/parallels/dev_ws/src/my_package'
[4.099s] INFO:colcon.colcon_core.plugin_system:Skipping extension 'colcon_core.shell.bat': Not used on non-Windows systems
[4.100s] INFO:colcon.colcon_core.shell:Skip shell extension 'powershell' for command environment: Not usable outside of PowerShell
[4.100s] DEBUG:colcon.colcon_core.shell:Skip shell extension 'dsv' for command environment
[4.205s] DEBUG:colcon.colcon_core.event_handler.log_command:Invoking command in '/home/parallels/dev_ws/build/my_package': CMAKE_PREFIX_PATH=${CMAKE_PREFIX_PATH}:/opt/ros/humble /usr/bin/cmake --build /home/parallels/dev_ws/build/my_package -- -j2 -l2
[5.317s] DEBUG:colcon.colcon_core.event_handler.log_command:Invoked command in '/home/parallels/dev_ws/build/my_package' returned '0': CMAKE_PREFIX_PATH=${CMAKE_PREFIX_PATH}:/opt/ros/humble /usr/bin/cmake --build /home/parallels/dev_ws/build/my_package -- -j2 -l2
[5.374s] DEBUG:colcon.colcon_core.event_handler.log_command:Invoking command in '/home/parallels/dev_ws/build/my_package': CMAKE_PREFIX_PATH=${CMAKE_PREFIX_PATH}:/opt/ros/humble /usr/bin/cmake --install /home/parallels/dev_ws/build/my_package
[5.473s] Level 1:colcon.colcon_core.environment:create_environment_scripts_only(my_package)
[5.474s] DEBUG:colcon.colcon_core.event_handler.log_command:Invoked command in '/home/parallels/dev_ws/build/my_package' returned '0': CMAKE_PREFIX_PATH=${CMAKE_PREFIX_PATH}:/opt/ros/humble /usr/bin/cmake --install /home/parallels/dev_ws/build/my_package
[5.523s] Level 1:colcon.colcon_core.environment:checking '/home/parallels/dev_ws/install/my_package' for CMake module files
[5.524s] Level 1:colcon.colcon_core.environment:checking '/home/parallels/dev_ws/install/my_package' for CMake config files
[5.524s] Level 1:colcon.colcon_core.shell:create_environment_hook('my_package', 'cmake_prefix_path')
[5.547s] INFO:colcon.colcon_core.shell:Creating environment hook '/home/parallels/dev_ws/install/my_package/share/my_package/hook/cmake_prefix_path.ps1'
[5.550s] INFO:colcon.colcon_core.shell:Creating environment descriptor '/home/parallels/dev_ws/install/my_package/share/my_package/hook/cmake_prefix_path.dsv'
[5.551s] INFO:colcon.colcon_core.shell:Creating environment hook '/home/parallels/dev_ws/install/my_package/share/my_package/hook/cmake_prefix_path.sh'
[5.553s] Level 1:colcon.colcon_core.environment:checking '/home/parallels/dev_ws/install/my_package/bin'
[5.553s] Level 1:colcon.colcon_core.environment:checking '/home/parallels/dev_ws/install/my_package/lib/pkgconfig/my_package.pc'
[5.554s] Level 1:colcon.colcon_core.environment:checking '/home/parallels/dev_ws/install/my_package/lib/python3.10/site-packages'
[5.554s] Level 1:colcon.colcon_core.environment:checking '/home/parallels/dev_ws/install/my_package/bin'
[5.581s] INFO:colcon.colcon_core.shell:Creating package script '/home/parallels/dev_ws/install/my_package/share/my_package/package.ps1'
[5.583s] INFO:colcon.colcon_core.shell:Creating package descriptor '/home/parallels/dev_ws/install/my_package/share/my_package/package.dsv'
[5.584s] INFO:colcon.colcon_core.shell:Creating package script '/home/parallels/dev_ws/install/my_package/share/my_package/package.sh'
[5.586s] INFO:colcon.colcon_core.shell:Creating package script '/home/parallels/dev_ws/install/my_package/share/my_package/package.bash'
[5.590s] INFO:colcon.colcon_core.shell:Creating package script '/home/parallels/dev_ws/install/my_package/share/my_package/package.zsh'
[5.594s] Level 1:colcon.colcon_core.environment:create_file_with_runtime_dependencies(/home/parallels/dev_ws/install/my_package/share/colcon-core/packages/my_package)
[5.655s] Level 1:colcon.colcon_core.environment:create_environment_scripts_only(my_package)
[5.685s] Level 1:colcon.colcon_core.environment:checking '/home/parallels/dev_ws/install/my_package' for CMake module files
[5.686s] Level 1:colcon.colcon_core.environment:checking '/home/parallels/dev_ws/install/my_package' for CMake config files
[5.687s] Level 1:colcon.colcon_core.shell:create_environment_hook('my_package', 'cmake_prefix_path')
[5.712s] INFO:colcon.colcon_core.shell:Creating environment hook '/home/parallels/dev_ws/install/my_package/share/my_package/hook/cmake_prefix_path.ps1'
[5.713s] INFO:colcon.colcon_core.shell:Creating environment descriptor '/home/parallels/dev_ws/install/my_package/share/my_package/hook/cmake_prefix_path.dsv'
[5.714s] INFO:colcon.colcon_core.shell:Creating environment hook '/home/parallels/dev_ws/install/my_package/share/my_package/hook/cmake_prefix_path.sh'
[5.714s] Level 1:colcon.colcon_core.environment:checking '/home/parallels/dev_ws/install/my_package/bin'
[5.714s] Level 1:colcon.colcon_core.environment:checking '/home/parallels/dev_ws/install/my_package/lib/pkgconfig/my_package.pc'
[5.715s] Level 1:colcon.colcon_core.environment:checking '/home/parallels/dev_ws/install/my_package/lib/python3.10/site-packages'
[5.715s] Level 1:colcon.colcon_core.environment:checking '/home/parallels/dev_ws/install/my_package/bin'
[5.742s] INFO:colcon.colcon_core.shell:Creating package script '/home/parallels/dev_ws/install/my_package/share/my_package/package.ps1'
[5.743s] INFO:colcon.colcon_core.shell:Creating package descriptor '/home/parallels/dev_ws/install/my_package/share/my_package/package.dsv'
[5.744s] INFO:colcon.colcon_core.shell:Creating package script '/home/parallels/dev_ws/install/my_package/share/my_package/package.sh'
[5.745s] INFO:colcon.colcon_core.shell:Creating package script '/home/parallels/dev_ws/install/my_package/share/my_package/package.bash'
[5.745s] INFO:colcon.colcon_core.shell:Creating package script '/home/parallels/dev_ws/install/my_package/share/my_package/package.zsh'
[5.746s] Level 1:colcon.colcon_core.environment:create_file_with_runtime_dependencies(/home/parallels/dev_ws/install/my_package/share/colcon-core/packages/my_package)
[5.747s] DEBUG:colcon.colcon_parallel_executor.executor.parallel:closing loop
[5.747s] DEBUG:colcon.colcon_parallel_executor.executor.parallel:loop closed
[5.747s] DEBUG:colcon.colcon_parallel_executor.executor.parallel:run_until_complete finished with '0'
[5.747s] DEBUG:colcon.colcon_core.event_reactor:joining thread
[5.819s] INFO:colcon.colcon_core.plugin_system:Skipping extension 'colcon_notification.desktop_notification.terminal_notifier': Not used on non-Darwin systems
[5.819s] INFO:colcon.colcon_core.plugin_system:Skipping extension 'colcon_notification.desktop_notification.win32': Not used on non-Windows systems
[5.819s] INFO:colcon.colcon_notification.desktop_notification:Sending desktop notification using 'notify2'
[6.036s] DEBUG:colcon.colcon_core.event_reactor:joined thread
[6.067s] INFO:colcon.colcon_core.shell:Creating prefix script '/home/parallels/dev_ws/install/local_setup.ps1'
[6.068s] INFO:colcon.colcon_core.shell:Creating prefix util module '/home/parallels/dev_ws/install/_local_setup_util_ps1.py'
[6.071s] INFO:colcon.colcon_core.shell:Creating prefix chain script '/home/parallels/dev_ws/install/setup.ps1'
[6.115s] INFO:colcon.colcon_core.shell:Creating prefix script '/home/parallels/dev_ws/install/local_setup.sh'
[6.117s] INFO:colcon.colcon_core.shell:Creating prefix util module '/home/parallels/dev_ws/install/_local_setup_util_sh.py'
[6.118s] INFO:colcon.colcon_core.shell:Creating prefix chain script '/home/parallels/dev_ws/install/setup.sh'
[6.149s] INFO:colcon.colcon_core.shell:Creating prefix script '/home/parallels/dev_ws/install/local_setup.bash'
[6.150s] INFO:colcon.colcon_core.shell:Creating prefix chain script '/home/parallels/dev_ws/install/setup.bash'
[6.182s] INFO:colcon.colcon_core.shell:Creating prefix script '/home/parallels/dev_ws/install/local_setup.zsh'
[6.183s] INFO:colcon.colcon_core.shell:Creating prefix chain script '/home/parallels/dev_ws/install/setup.zsh'
