[0.955s] DEBUG:colcon:Command line arguments: ['/usr/bin/colcon', 'build', '--symlink-install']
[0.955s] DEBUG:colcon:Parsed command line arguments: Namespace(log_base=None, log_level=None, verb_name='build', build_base='build', install_base='install', merge_install=False, symlink_install=True, test_result_base=None, continue_on_error=False, executor='parallel', parallel_workers=4, event_handlers=None, ignore_user_meta=False, metas=['./colcon.meta'], base_paths=['.'], packages_ignore=None, packages_ignore_regex=None, paths=None, packages_up_to=None, packages_up_to_regex=None, packages_above=None, packages_above_and_dependencies=None, packages_above_depth=None, packages_select_by_dep=None, packages_skip_by_dep=None, packages_skip_up_to=None, packages_select_build_failed=False, packages_skip_build_finished=False, packages_select_test_failures=False, packages_skip_test_passed=False, packages_select=None, packages_skip=None, packages_select_regex=None, packages_skip_regex=None, packages_start=None, packages_end=None, allow_overriding=[], cmake_args=None, cmake_target=None, cmake_target_skip_unavailable=False, cmake_clean_cache=False, cmake_clean_first=False, cmake_force_configure=False, ament_cmake_args=None, catkin_cmake_args=None, catkin_skip_building_tests=False, verb_parser=<colcon_defaults.argument_parser.defaults.DefaultArgumentsDecorator object at 0x7f28f2c35ba0>, verb_extension=<colcon_core.verb.build.BuildVerb object at 0x7f28f30af7c0>, main=<bound method BuildVerb.main of <colcon_core.verb.build.BuildVerb object at 0x7f28f30af7c0>>)
[1.008s] Level 1:colcon.colcon_core.package_discovery:discover_packages(colcon_meta) check parameters
[1.009s] Level 1:colcon.colcon_core.package_discovery:discover_packages(recursive) check parameters
[1.009s] Level 1:colcon.colcon_core.package_discovery:discover_packages(ignore) check parameters
[1.009s] Level 1:colcon.colcon_core.package_discovery:discover_packages(path) check parameters
[1.009s] Level 1:colcon.colcon_core.package_discovery:discover_packages(colcon_meta) discover
[1.009s] Level 1:colcon.colcon_core.package_discovery:discover_packages(recursive) discover
[1.009s] INFO:colcon.colcon_core.package_discovery:Crawling recursively for packages in '/home/parallels/dev_ws'
[1.009s] Level 1:colcon.colcon_core.package_identification:_identify(.) by extensions ['ignore', 'ignore_ament_install']
[1.009s] Level 1:colcon.colcon_core.package_identification:_identify(.) by extension 'ignore'
[1.009s] Level 1:colcon.colcon_core.package_identification:_identify(.) by extension 'ignore_ament_install'
[1.010s] Level 1:colcon.colcon_core.package_identification:_identify(.) by extensions ['colcon_pkg']
[1.010s] Level 1:colcon.colcon_core.package_identification:_identify(.) by extension 'colcon_pkg'
[1.010s] Level 1:colcon.colcon_core.package_identification:_identify(.) by extensions ['colcon_meta']
[1.010s] Level 1:colcon.colcon_core.package_identification:_identify(.) by extension 'colcon_meta'
[1.010s] Level 1:colcon.colcon_core.package_identification:_identify(.) by extensions ['ros']
[1.010s] Level 1:colcon.colcon_core.package_identification:_identify(.) by extension 'ros'
[1.027s] Level 1:colcon.colcon_core.package_identification:_identify(.) by extensions ['cmake', 'python']
[1.027s] Level 1:colcon.colcon_core.package_identification:_identify(.) by extension 'cmake'
[1.027s] Level 1:colcon.colcon_core.package_identification:_identify(.) by extension 'python'
[1.027s] Level 1:colcon.colcon_core.package_identification:_identify(.) by extensions ['python_setup_py']
[1.027s] Level 1:colcon.colcon_core.package_identification:_identify(.) by extension 'python_setup_py'
[1.027s] Level 1:colcon.colcon_core.package_identification:_identify(build) by extensions ['ignore', 'ignore_ament_install']
[1.028s] Level 1:colcon.colcon_core.package_identification:_identify(build) by extension 'ignore'
[1.028s] Level 1:colcon.colcon_core.package_identification:_identify(build) ignored
[1.028s] Level 1:colcon.colcon_core.package_identification:_identify(install) by extensions ['ignore', 'ignore_ament_install']
[1.028s] Level 1:colcon.colcon_core.package_identification:_identify(install) by extension 'ignore'
[1.028s] Level 1:colcon.colcon_core.package_identification:_identify(install) ignored
[1.028s] Level 1:colcon.colcon_core.package_identification:_identify(log) by extensions ['ignore', 'ignore_ament_install']
[1.029s] Level 1:colcon.colcon_core.package_identification:_identify(log) by extension 'ignore'
[1.029s] Level 1:colcon.colcon_core.package_identification:_identify(log) ignored
[1.029s] Level 1:colcon.colcon_core.package_identification:_identify(src) by extensions ['ignore', 'ignore_ament_install']
[1.029s] Level 1:colcon.colcon_core.package_identification:_identify(src) by extension 'ignore'
[1.029s] Level 1:colcon.colcon_core.package_identification:_identify(src) by extension 'ignore_ament_install'
[1.029s] Level 1:colcon.colcon_core.package_identification:_identify(src) by extensions ['colcon_pkg']
[1.029s] Level 1:colcon.colcon_core.package_identification:_identify(src) by extension 'colcon_pkg'
[1.029s] Level 1:colcon.colcon_core.package_identification:_identify(src) by extensions ['colcon_meta']
[1.029s] Level 1:colcon.colcon_core.package_identification:_identify(src) by extension 'colcon_meta'
[1.029s] Level 1:colcon.colcon_core.package_identification:_identify(src) by extensions ['ros']
[1.030s] Level 1:colcon.colcon_core.package_identification:_identify(src) by extension 'ros'
[1.030s] Level 1:colcon.colcon_core.package_identification:_identify(src) by extensions ['cmake', 'python']
[1.030s] Level 1:colcon.colcon_core.package_identification:_identify(src) by extension 'cmake'
[1.030s] Level 1:colcon.colcon_core.package_identification:_identify(src) by extension 'python'
[1.030s] Level 1:colcon.colcon_core.package_identification:_identify(src) by extensions ['python_setup_py']
[1.030s] Level 1:colcon.colcon_core.package_identification:_identify(src) by extension 'python_setup_py'
[1.030s] Level 1:colcon.colcon_core.package_identification:_identify(src/my_package) by extensions ['ignore', 'ignore_ament_install']
[1.030s] Level 1:colcon.colcon_core.package_identification:_identify(src/my_package) by extension 'ignore'
[1.030s] Level 1:colcon.colcon_core.package_identification:_identify(src/my_package) by extension 'ignore_ament_install'
[1.030s] Level 1:colcon.colcon_core.package_identification:_identify(src/my_package) by extensions ['colcon_pkg']
[1.030s] Level 1:colcon.colcon_core.package_identification:_identify(src/my_package) by extension 'colcon_pkg'
[1.030s] Level 1:colcon.colcon_core.package_identification:_identify(src/my_package) by extensions ['colcon_meta']
[1.031s] Level 1:colcon.colcon_core.package_identification:_identify(src/my_package) by extension 'colcon_meta'
[1.031s] Level 1:colcon.colcon_core.package_identification:_identify(src/my_package) by extensions ['ros']
[1.031s] Level 1:colcon.colcon_core.package_identification:_identify(src/my_package) by extension 'ros'
[1.034s] DEBUG:colcon.colcon_core.package_identification:Package 'src/my_package' with type 'ros.ament_cmake' and name 'my_package'
[1.034s] Level 1:colcon.colcon_core.package_discovery:discover_packages(recursive) using defaults
[1.034s] Level 1:colcon.colcon_core.package_discovery:discover_packages(ignore) discover
[1.034s] Level 1:colcon.colcon_core.package_discovery:discover_packages(ignore) using defaults
[1.034s] Level 1:colcon.colcon_core.package_discovery:discover_packages(path) discover
[1.034s] Level 1:colcon.colcon_core.package_discovery:discover_packages(path) using defaults
[1.123s] Level 1:colcon.colcon_core.package_discovery:discover_packages(prefix_path) check parameters
[1.123s] Level 1:colcon.colcon_core.package_discovery:discover_packages(prefix_path) discover
[1.136s] Level 1:colcon.colcon_core.package_discovery:discover_packages(prefix_path) using defaults
[1.161s] Level 5:colcon.colcon_core.verb:set package 'my_package' build argument 'cmake_args' from command line to 'None'
[1.161s] Level 5:colcon.colcon_core.verb:set package 'my_package' build argument 'cmake_target' from command line to 'None'
[1.161s] Level 5:colcon.colcon_core.verb:set package 'my_package' build argument 'cmake_target_skip_unavailable' from command line to 'False'
[1.161s] Level 5:colcon.colcon_core.verb:set package 'my_package' build argument 'cmake_clean_cache' from command line to 'False'
[1.161s] Level 5:colcon.colcon_core.verb:set package 'my_package' build argument 'cmake_clean_first' from command line to 'False'
[1.161s] Level 5:colcon.colcon_core.verb:set package 'my_package' build argument 'cmake_force_configure' from command line to 'False'
[1.161s] Level 5:colcon.colcon_core.verb:set package 'my_package' build argument 'ament_cmake_args' from command line to 'None'
[1.161s] Level 5:colcon.colcon_core.verb:set package 'my_package' build argument 'catkin_cmake_args' from command line to 'None'
[1.161s] Level 5:colcon.colcon_core.verb:set package 'my_package' build argument 'catkin_skip_building_tests' from command line to 'False'
[1.161s] DEBUG:colcon.colcon_core.verb:Building package 'my_package' with the following arguments: {'ament_cmake_args': None, 'build_base': '/home/parallels/dev_ws/build/my_package', 'catkin_cmake_args': None, 'catkin_skip_building_tests': False, 'cmake_args': None, 'cmake_clean_cache': False, 'cmake_clean_first': False, 'cmake_force_configure': False, 'cmake_target': None, 'cmake_target_skip_unavailable': False, 'install_base': '/home/parallels/dev_ws/install/my_package', 'merge_install': False, 'path': '/home/parallels/dev_ws/src/my_package', 'symlink_install': True, 'test_result_base': None}
[1.173s] INFO:colcon.colcon_core.executor:Executing jobs using 'parallel' executor
[1.187s] DEBUG:colcon.colcon_parallel_executor.executor.parallel:run_until_complete
[1.188s] INFO:colcon.colcon_ros.task.ament_cmake.build:Building ROS package in '/home/parallels/dev_ws/src/my_package' with build type 'ament_cmake'
[1.188s] INFO:colcon.colcon_cmake.task.cmake.build:Building CMake package in '/home/parallels/dev_ws/src/my_package'
[1.203s] INFO:colcon.colcon_core.plugin_system:Skipping extension 'colcon_core.shell.bat': Not used on non-Windows systems
[1.204s] INFO:colcon.colcon_core.shell:Skip shell extension 'powershell' for command environment: Not usable outside of PowerShell
[1.204s] DEBUG:colcon.colcon_core.shell:Skip shell extension 'dsv' for command environment
[1.228s] DEBUG:colcon.colcon_core.event_handler.log_command:Invoking command in '/home/parallels/dev_ws/build/my_package': /usr/bin/cmake --build /home/parallels/dev_ws/build/my_package -- -j4 -l4
[1.283s] DEBUG:colcon.colcon_core.event_handler.log_command:Invoked command in '/home/parallels/dev_ws/build/my_package' returned '0': /usr/bin/cmake --build /home/parallels/dev_ws/build/my_package -- -j4 -l4
[1.331s] DEBUG:colcon.colcon_core.event_handler.log_command:Invoking command in '/home/parallels/dev_ws/build/my_package': /usr/bin/cmake --install /home/parallels/dev_ws/build/my_package
[1.384s] Level 1:colcon.colcon_core.environment:create_environment_scripts_only(my_package)
[1.385s] DEBUG:colcon.colcon_core.event_handler.log_command:Invoked command in '/home/parallels/dev_ws/build/my_package' returned '0': /usr/bin/cmake --install /home/parallels/dev_ws/build/my_package
[1.401s] Level 1:colcon.colcon_core.environment:checking '/home/parallels/dev_ws/install/my_package' for CMake module files
[1.402s] Level 1:colcon.colcon_core.environment:checking '/home/parallels/dev_ws/install/my_package' for CMake config files
[1.403s] Level 1:colcon.colcon_core.shell:create_environment_hook('my_package', 'cmake_prefix_path')
[1.415s] INFO:colcon.colcon_core.shell:Creating environment hook '/home/parallels/dev_ws/install/my_package/share/my_package/hook/cmake_prefix_path.ps1'
[1.415s] INFO:colcon.colcon_core.shell:Creating environment descriptor '/home/parallels/dev_ws/install/my_package/share/my_package/hook/cmake_prefix_path.dsv'
[1.416s] INFO:colcon.colcon_core.shell:Creating environment hook '/home/parallels/dev_ws/install/my_package/share/my_package/hook/cmake_prefix_path.sh'
[1.418s] Level 1:colcon.colcon_core.environment:checking '/home/parallels/dev_ws/install/my_package/bin'
[1.418s] Level 1:colcon.colcon_core.environment:checking '/home/parallels/dev_ws/install/my_package/lib/pkgconfig/my_package.pc'
[1.420s] Level 1:colcon.colcon_core.environment:checking '/home/parallels/dev_ws/install/my_package/lib/python3.10/site-packages'
[1.421s] Level 1:colcon.colcon_core.environment:checking '/home/parallels/dev_ws/install/my_package/bin'
[1.433s] INFO:colcon.colcon_core.shell:Creating package script '/home/parallels/dev_ws/install/my_package/share/my_package/package.ps1'
[1.434s] INFO:colcon.colcon_core.shell:Creating package descriptor '/home/parallels/dev_ws/install/my_package/share/my_package/package.dsv'
[1.435s] INFO:colcon.colcon_core.shell:Creating package script '/home/parallels/dev_ws/install/my_package/share/my_package/package.sh'
[1.436s] INFO:colcon.colcon_core.shell:Creating package script '/home/parallels/dev_ws/install/my_package/share/my_package/package.bash'
[1.437s] INFO:colcon.colcon_core.shell:Creating package script '/home/parallels/dev_ws/install/my_package/share/my_package/package.zsh'
[1.438s] Level 1:colcon.colcon_core.environment:create_file_with_runtime_dependencies(/home/parallels/dev_ws/install/my_package/share/colcon-core/packages/my_package)
[1.485s] Level 1:colcon.colcon_core.environment:create_environment_scripts_only(my_package)
[1.498s] Level 1:colcon.colcon_core.environment:checking '/home/parallels/dev_ws/install/my_package' for CMake module files
[1.499s] Level 1:colcon.colcon_core.environment:checking '/home/parallels/dev_ws/install/my_package' for CMake config files
[1.499s] Level 1:colcon.colcon_core.shell:create_environment_hook('my_package', 'cmake_prefix_path')
[1.512s] INFO:colcon.colcon_core.shell:Creating environment hook '/home/parallels/dev_ws/install/my_package/share/my_package/hook/cmake_prefix_path.ps1'
[1.512s] INFO:colcon.colcon_core.shell:Creating environment descriptor '/home/parallels/dev_ws/install/my_package/share/my_package/hook/cmake_prefix_path.dsv'
[1.513s] INFO:colcon.colcon_core.shell:Creating environment hook '/home/parallels/dev_ws/install/my_package/share/my_package/hook/cmake_prefix_path.sh'
[1.514s] Level 1:colcon.colcon_core.environment:checking '/home/parallels/dev_ws/install/my_package/bin'
[1.514s] Level 1:colcon.colcon_core.environment:checking '/home/parallels/dev_ws/install/my_package/lib/pkgconfig/my_package.pc'
[1.514s] Level 1:colcon.colcon_core.environment:checking '/home/parallels/dev_ws/install/my_package/lib/python3.10/site-packages'
[1.515s] Level 1:colcon.colcon_core.environment:checking '/home/parallels/dev_ws/install/my_package/bin'
[1.527s] INFO:colcon.colcon_core.shell:Creating package script '/home/parallels/dev_ws/install/my_package/share/my_package/package.ps1'
[1.528s] INFO:colcon.colcon_core.shell:Creating package descriptor '/home/parallels/dev_ws/install/my_package/share/my_package/package.dsv'
[1.529s] INFO:colcon.colcon_core.shell:Creating package script '/home/parallels/dev_ws/install/my_package/share/my_package/package.sh'
[1.530s] INFO:colcon.colcon_core.shell:Creating package script '/home/parallels/dev_ws/install/my_package/share/my_package/package.bash'
[1.530s] INFO:colcon.colcon_core.shell:Creating package script '/home/parallels/dev_ws/install/my_package/share/my_package/package.zsh'
[1.531s] Level 1:colcon.colcon_core.environment:create_file_with_runtime_dependencies(/home/parallels/dev_ws/install/my_package/share/colcon-core/packages/my_package)
[1.532s] DEBUG:colcon.colcon_parallel_executor.executor.parallel:closing loop
[1.533s] DEBUG:colcon.colcon_parallel_executor.executor.parallel:loop closed
[1.533s] DEBUG:colcon.colcon_parallel_executor.executor.parallel:run_until_complete finished with '0'
[1.533s] DEBUG:colcon.colcon_core.event_reactor:joining thread
[1.554s] INFO:colcon.colcon_core.plugin_system:Skipping extension 'colcon_notification.desktop_notification.terminal_notifier': Not used on non-Darwin systems
[1.554s] INFO:colcon.colcon_core.plugin_system:Skipping extension 'colcon_notification.desktop_notification.win32': Not used on non-Windows systems
[1.554s] INFO:colcon.colcon_notification.desktop_notification:Sending desktop notification using 'notify2'
[1.577s] DEBUG:colcon.colcon_core.event_reactor:joined thread
[1.592s] INFO:colcon.colcon_core.shell:Creating prefix script '/home/parallels/dev_ws/install/local_setup.ps1'
[1.594s] INFO:colcon.colcon_core.shell:Creating prefix util module '/home/parallels/dev_ws/install/_local_setup_util_ps1.py'
[1.596s] INFO:colcon.colcon_core.shell:Creating prefix chain script '/home/parallels/dev_ws/install/setup.ps1'
[1.610s] INFO:colcon.colcon_core.shell:Creating prefix script '/home/parallels/dev_ws/install/local_setup.sh'
[1.611s] INFO:colcon.colcon_core.shell:Creating prefix util module '/home/parallels/dev_ws/install/_local_setup_util_sh.py'
[1.612s] INFO:colcon.colcon_core.shell:Creating prefix chain script '/home/parallels/dev_ws/install/setup.sh'
[1.626s] INFO:colcon.colcon_core.shell:Creating prefix script '/home/parallels/dev_ws/install/local_setup.bash'
[1.627s] INFO:colcon.colcon_core.shell:Creating prefix chain script '/home/parallels/dev_ws/install/setup.bash'
[1.641s] INFO:colcon.colcon_core.shell:Creating prefix script '/home/parallels/dev_ws/install/local_setup.zsh'
[1.642s] INFO:colcon.colcon_core.shell:Creating prefix chain script '/home/parallels/dev_ws/install/setup.zsh'
