[0.045s] Invoking command in '/home/parallels/dev_ws/build/my_package': /usr/bin/cmake --build /home/parallels/dev_ws/build/my_package -- -j4 -l4
[0.104s] Invoked command in '/home/parallels/dev_ws/build/my_package' returned '0': /usr/bin/cmake --build /home/parallels/dev_ws/build/my_package -- -j4 -l4
[0.151s] Invoking command in '/home/parallels/dev_ws/build/my_package': /usr/bin/cmake --install /home/parallels/dev_ws/build/my_package
[0.162s] -- Install configuration: ""
[0.164s] -- Execute custom install script
[0.165s] -- Up-to-date symlink: /home/parallels/dev_ws/install/my_package/share/my_package/launch/listener.launch.py
[0.165s] -- Up-to-date symlink: /home/parallels/dev_ws/install/my_package/share/my_package/launch/robot_state_publisher.launch.py
[0.165s] -- Up-to-date symlink: /home/parallels/dev_ws/install/my_package/share/my_package/launch/rsp.launch.py
[0.166s] -- Up-to-date symlink: /home/parallels/dev_ws/install/my_package/share/my_package/launch/rsp_sim.launch.py
[0.166s] -- Up-to-date symlink: /home/parallels/dev_ws/install/my_package/share/my_package/launch/talker.launch.py
[0.166s] -- Up-to-date symlink: /home/parallels/dev_ws/install/my_package/share/my_package//description/gazebo_control.xacro
[0.166s] -- Up-to-date symlink: /home/parallels/dev_ws/install/my_package/share/my_package//description/inertial_macros.xacro
[0.166s] -- Up-to-date symlink: /home/parallels/dev_ws/install/my_package/share/my_package//description/lidar.xacro
[0.167s] -- Up-to-date symlink: /home/parallels/dev_ws/install/my_package/share/my_package//description/robot.urdf.xacro
[0.167s] -- Up-to-date symlink: /home/parallels/dev_ws/install/my_package/share/my_package//description/robot_core.xacro
[0.167s] -- Symlinking: /home/parallels/dev_ws/install/my_package/share/my_package//description/ros2_control.xacro
[0.179s] -- Up-to-date symlink: /home/parallels/dev_ws/install/my_package/share/my_package/config/drive_bot.rviz
[0.180s] -- Up-to-date symlink: /home/parallels/dev_ws/install/my_package/share/my_package/config/empty.yaml
[0.180s] -- Symlinking: /home/parallels/dev_ws/install/my_package/share/my_package/config/my_controllers.yaml
[0.192s] -- Up-to-date symlink: /home/parallels/dev_ws/install/my_package/share/my_package/config/view_bot.rviz
[0.192s] -- Up-to-date symlink: /home/parallels/dev_ws/install/my_package/share/my_package/description/gazebo_control.xacro
[0.193s] -- Up-to-date symlink: /home/parallels/dev_ws/install/my_package/share/my_package/description/inertial_macros.xacro
[0.193s] -- Up-to-date symlink: /home/parallels/dev_ws/install/my_package/share/my_package/description/lidar.xacro
[0.193s] -- Up-to-date symlink: /home/parallels/dev_ws/install/my_package/share/my_package/description/robot.urdf.xacro
[0.194s] -- Up-to-date symlink: /home/parallels/dev_ws/install/my_package/share/my_package/description/robot_core.xacro
[0.194s] -- Up-to-date symlink: /home/parallels/dev_ws/install/my_package/share/my_package/description/ros2_control.xacro
[0.194s] -- Up-to-date symlink: /home/parallels/dev_ws/install/my_package/share/my_package/launch/listener.launch.py
[0.195s] -- Up-to-date symlink: /home/parallels/dev_ws/install/my_package/share/my_package/launch/robot_state_publisher.launch.py
[0.195s] -- Up-to-date symlink: /home/parallels/dev_ws/install/my_package/share/my_package/launch/rsp.launch.py
[0.195s] -- Up-to-date symlink: /home/parallels/dev_ws/install/my_package/share/my_package/launch/rsp_sim.launch.py
[0.195s] -- Up-to-date symlink: /home/parallels/dev_ws/install/my_package/share/my_package/launch/talker.launch.py
[0.196s] -- Up-to-date symlink: /home/parallels/dev_ws/install/my_package/share/my_package/worlds/empty.world
[0.196s] -- Up-to-date symlink: /home/parallels/dev_ws/install/my_package/share/my_package/worlds/obstacles.world
[0.196s] -- Up-to-date symlink: /home/parallels/dev_ws/install/my_package/share/my_package/config/drive_bot.rviz
[0.197s] -- Up-to-date symlink: /home/parallels/dev_ws/install/my_package/share/my_package/config/empty.yaml
[0.197s] -- Up-to-date symlink: /home/parallels/dev_ws/install/my_package/share/my_package/config/my_controllers.yaml
[0.197s] -- Up-to-date symlink: /home/parallels/dev_ws/install/my_package/share/my_package/config/view_bot.rviz
[0.197s] -- Up-to-date symlink: /home/parallels/dev_ws/install/my_package/share/my_package/description/gazebo_control.xacro
[0.198s] -- Up-to-date symlink: /home/parallels/dev_ws/install/my_package/share/my_package/description/inertial_macros.xacro
[0.198s] -- Up-to-date symlink: /home/parallels/dev_ws/install/my_package/share/my_package/description/lidar.xacro
[0.198s] -- Up-to-date symlink: /home/parallels/dev_ws/install/my_package/share/my_package/description/robot.urdf.xacro
[0.199s] -- Up-to-date symlink: /home/parallels/dev_ws/install/my_package/share/my_package/description/robot_core.xacro
[0.199s] -- Up-to-date symlink: /home/parallels/dev_ws/install/my_package/share/my_package/description/ros2_control.xacro
[0.199s] -- Up-to-date symlink: /home/parallels/dev_ws/install/my_package/share/my_package/launch/listener.launch.py
[0.200s] -- Up-to-date symlink: /home/parallels/dev_ws/install/my_package/share/my_package/launch/robot_state_publisher.launch.py
[0.200s] -- Up-to-date symlink: /home/parallels/dev_ws/install/my_package/share/my_package/launch/rsp.launch.py
[0.200s] -- Up-to-date symlink: /home/parallels/dev_ws/install/my_package/share/my_package/launch/rsp_sim.launch.py
[0.200s] -- Up-to-date symlink: /home/parallels/dev_ws/install/my_package/share/my_package/launch/talker.launch.py
[0.201s] -- Up-to-date symlink: /home/parallels/dev_ws/install/my_package/share/my_package/config/drive_bot.rviz
[0.201s] -- Up-to-date symlink: /home/parallels/dev_ws/install/my_package/share/my_package/config/empty.yaml
[0.201s] -- Up-to-date symlink: /home/parallels/dev_ws/install/my_package/share/my_package/config/my_controllers.yaml
[0.201s] -- Up-to-date symlink: /home/parallels/dev_ws/install/my_package/share/my_package/config/view_bot.rviz
[0.201s] -- Up-to-date symlink: /home/parallels/dev_ws/install/my_package/share/ament_index/resource_index/package_run_dependencies/my_package
[0.202s] -- Up-to-date symlink: /home/parallels/dev_ws/install/my_package/share/ament_index/resource_index/parent_prefix_path/my_package
[0.202s] -- Up-to-date symlink: /home/parallels/dev_ws/install/my_package/share/my_package/environment/ament_prefix_path.sh
[0.202s] -- Up-to-date symlink: /home/parallels/dev_ws/install/my_package/share/my_package/environment/ament_prefix_path.dsv
[0.202s] -- Up-to-date symlink: /home/parallels/dev_ws/install/my_package/share/my_package/environment/path.sh
[0.202s] -- Up-to-date symlink: /home/parallels/dev_ws/install/my_package/share/my_package/environment/path.dsv
[0.202s] -- Up-to-date symlink: /home/parallels/dev_ws/install/my_package/share/my_package/local_setup.bash
[0.202s] -- Up-to-date symlink: /home/parallels/dev_ws/install/my_package/share/my_package/local_setup.sh
[0.202s] -- Up-to-date symlink: /home/parallels/dev_ws/install/my_package/share/my_package/local_setup.zsh
[0.202s] -- Up-to-date symlink: /home/parallels/dev_ws/install/my_package/share/my_package/local_setup.dsv
[0.202s] -- Symlinking: /home/parallels/dev_ws/install/my_package/share/my_package/package.dsv
[0.214s] -- Up-to-date symlink: /home/parallels/dev_ws/install/my_package/share/ament_index/resource_index/packages/my_package
[0.214s] -- Up-to-date symlink: /home/parallels/dev_ws/install/my_package/share/my_package/cmake/my_packageConfig.cmake
[0.215s] -- Up-to-date symlink: /home/parallels/dev_ws/install/my_package/share/my_package/cmake/my_packageConfig-version.cmake
[0.215s] -- Up-to-date symlink: /home/parallels/dev_ws/install/my_package/share/my_package/package.xml
[0.218s] Invoked command in '/home/parallels/dev_ws/build/my_package' returned '0': /usr/bin/cmake --install /home/parallels/dev_ws/build/my_package
