[0.158s] Invoking command in '/home/parallels/dev_ws/build/my_package': CMAKE_PREFIX_PATH=${CMAKE_PREFIX_PATH}:/opt/ros/humble /usr/bin/cmake /home/parallels/dev_ws/src/my_package -DAMENT_CMAKE_SYMLINK_INSTALL=1 -DCMAKE_INSTALL_PREFIX=/home/parallels/dev_ws/install/my_package
[0.205s] -- Found ament_cmake: 1.3.7 (/opt/ros/humble/share/ament_cmake/cmake)
[0.459s] -- Override CMake install command with custom implementation using symlinks instead of copying resources
[0.499s] -- Found ament_lint_auto: 0.12.10 (/opt/ros/humble/share/ament_lint_auto/cmake)
[0.622s] -- Added test 'flake8' to check Python code syntax and style conventions
[0.623s] -- Added test 'lint_cmake' to check CMake code style
[0.623s] -- Added test 'pep257' to check Python code against some of the docstring style conventions in PEP 257
[0.625s] -- Added test 'xmllint' to check XML markup files
[0.634s] -- Configuring done
[0.650s] -- Generating done
[0.652s] -- Build files have been written to: /home/parallels/dev_ws/build/my_package
[0.657s] Invoked command in '/home/parallels/dev_ws/build/my_package' returned '0': CMAKE_PREFIX_PATH=${CMAKE_PREFIX_PATH}:/opt/ros/humble /usr/bin/cmake /home/parallels/dev_ws/src/my_package -DAMENT_CMAKE_SYMLINK_INSTALL=1 -DCMAKE_INSTALL_PREFIX=/home/parallels/dev_ws/install/my_package
[0.664s] Invoking command in '/home/parallels/dev_ws/build/my_package': CMAKE_PREFIX_PATH=${CMAKE_PREFIX_PATH}:/opt/ros/humble /usr/bin/cmake --build /home/parallels/dev_ws/build/my_package -- -j2 -l2
[0.729s] Invoked command in '/home/parallels/dev_ws/build/my_package' returned '0': CMAKE_PREFIX_PATH=${CMAKE_PREFIX_PATH}:/opt/ros/humble /usr/bin/cmake --build /home/parallels/dev_ws/build/my_package -- -j2 -l2
[0.826s] Invoking command in '/home/parallels/dev_ws/build/my_package': CMAKE_PREFIX_PATH=${CMAKE_PREFIX_PATH}:/opt/ros/humble /usr/bin/cmake --install /home/parallels/dev_ws/build/my_package
[0.850s] -- Install configuration: ""
[0.852s] -- Execute custom install script
[0.854s] -- Up-to-date symlink: /home/parallels/dev_ws/install/my_package/share/my_package/launch/listener.launch.py
[0.856s] -- Up-to-date symlink: /home/parallels/dev_ws/install/my_package/share/my_package/launch/robot_state_publisher.launch.py
[0.858s] -- Up-to-date symlink: /home/parallels/dev_ws/install/my_package/share/my_package/launch/rsp.launch.py
[0.862s] -- Up-to-date symlink: /home/parallels/dev_ws/install/my_package/share/my_package/launch/rsp_sim.launch.py
[0.863s] -- Up-to-date symlink: /home/parallels/dev_ws/install/my_package/share/my_package/launch/talker.launch.py
[0.864s] -- Symlinking: /home/parallels/dev_ws/install/my_package/share/my_package//description/example_gazebo.xacro
[0.903s] -- Symlinking: /home/parallels/dev_ws/install/my_package/share/my_package//description/example_include.xacro
[0.932s] -- Symlinking: /home/parallels/dev_ws/install/my_package/share/my_package//description/example_robot.urdf.xacro
[0.942s] -- Up-to-date symlink: /home/parallels/dev_ws/install/my_package/share/ament_index/resource_index/package_run_dependencies/my_package
[0.945s] -- Up-to-date symlink: /home/parallels/dev_ws/install/my_package/share/ament_index/resource_index/parent_prefix_path/my_package
[0.951s] -- Up-to-date symlink: /home/parallels/dev_ws/install/my_package/share/my_package/environment/ament_prefix_path.sh
[0.952s] -- Up-to-date symlink: /home/parallels/dev_ws/install/my_package/share/my_package/environment/ament_prefix_path.dsv
[0.953s] -- Up-to-date symlink: /home/parallels/dev_ws/install/my_package/share/my_package/environment/path.sh
[0.953s] -- Up-to-date symlink: /home/parallels/dev_ws/install/my_package/share/my_package/environment/path.dsv
[0.954s] -- Up-to-date symlink: /home/parallels/dev_ws/install/my_package/share/my_package/local_setup.bash
[0.956s] -- Up-to-date symlink: /home/parallels/dev_ws/install/my_package/share/my_package/local_setup.sh
[0.957s] -- Up-to-date symlink: /home/parallels/dev_ws/install/my_package/share/my_package/local_setup.zsh
[0.958s] -- Up-to-date symlink: /home/parallels/dev_ws/install/my_package/share/my_package/local_setup.dsv
[0.960s] -- Symlinking: /home/parallels/dev_ws/install/my_package/share/my_package/package.dsv
[0.975s] -- Up-to-date symlink: /home/parallels/dev_ws/install/my_package/share/ament_index/resource_index/packages/my_package
[0.977s] -- Up-to-date symlink: /home/parallels/dev_ws/install/my_package/share/my_package/cmake/my_packageConfig.cmake
[0.990s] -- Up-to-date symlink: /home/parallels/dev_ws/install/my_package/share/my_package/cmake/my_packageConfig-version.cmake
[0.990s] -- Up-to-date symlink: /home/parallels/dev_ws/install/my_package/share/my_package/package.xml
[0.990s] Invoked command in '/home/parallels/dev_ws/build/my_package' returned '0': CMAKE_PREFIX_PATH=${CMAKE_PREFIX_PATH}:/opt/ros/humble /usr/bin/cmake --install /home/parallels/dev_ws/build/my_package
