[1.624s] DEBUG:colcon:Command line arguments: ['/usr/bin/colcon', 'build', '--symlink-install']
[1.624s] DEBUG:colcon:Parsed command line arguments: Namespace(log_base=None, log_level=None, verb_name='build', build_base='build', install_base='install', merge_install=False, symlink_install=True, test_result_base=None, continue_on_error=False, executor='parallel', parallel_workers=4, event_handlers=None, ignore_user_meta=False, metas=['./colcon.meta'], base_paths=['.'], packages_ignore=None, packages_ignore_regex=None, paths=None, packages_up_to=None, packages_up_to_regex=None, packages_above=None, packages_above_and_dependencies=None, packages_above_depth=None, packages_select_by_dep=None, packages_skip_by_dep=None, packages_skip_up_to=None, packages_select_build_failed=False, packages_skip_build_finished=False, packages_select_test_failures=False, packages_skip_test_passed=False, packages_select=None, packages_skip=None, packages_select_regex=None, packages_skip_regex=None, packages_start=None, packages_end=None, allow_overriding=[], cmake_args=None, cmake_target=None, cmake_target_skip_unavailable=False, cmake_clean_cache=False, cmake_clean_first=False, cmake_force_configure=False, ament_cmake_args=None, catkin_cmake_args=None, catkin_skip_building_tests=False, verb_parser=<colcon_defaults.argument_parser.defaults.DefaultArgumentsDecorator object at 0x7faa8c1f3d90>, verb_extension=<colcon_core.verb.build.BuildVerb object at 0x7faa8c5dbf40>, main=<bound method BuildVerb.main of <colcon_core.verb.build.BuildVerb object at 0x7faa8c5dbf40>>)
[1.700s] Level 1:colcon.colcon_core.package_discovery:discover_packages(colcon_meta) check parameters
[1.701s] Level 1:colcon.colcon_core.package_discovery:discover_packages(recursive) check parameters
[1.701s] Level 1:colcon.colcon_core.package_discovery:discover_packages(ignore) check parameters
[1.701s] Level 1:colcon.colcon_core.package_discovery:discover_packages(path) check parameters
[1.701s] Level 1:colcon.colcon_core.package_discovery:discover_packages(colcon_meta) discover
[1.701s] Level 1:colcon.colcon_core.package_discovery:discover_packages(recursive) discover
[1.701s] INFO:colcon.colcon_core.package_discovery:Crawling recursively for packages in '/home/parallels/dev_ws'
[1.701s] Level 1:colcon.colcon_core.package_identification:_identify(.) by extensions ['ignore', 'ignore_ament_install']
[1.701s] Level 1:colcon.colcon_core.package_identification:_identify(.) by extension 'ignore'
[1.701s] Level 1:colcon.colcon_core.package_identification:_identify(.) by extension 'ignore_ament_install'
[1.701s] Level 1:colcon.colcon_core.package_identification:_identify(.) by extensions ['colcon_pkg']
[1.702s] Level 1:colcon.colcon_core.package_identification:_identify(.) by extension 'colcon_pkg'
[1.702s] Level 1:colcon.colcon_core.package_identification:_identify(.) by extensions ['colcon_meta']
[1.702s] Level 1:colcon.colcon_core.package_identification:_identify(.) by extension 'colcon_meta'
[1.702s] Level 1:colcon.colcon_core.package_identification:_identify(.) by extensions ['ros']
[1.702s] Level 1:colcon.colcon_core.package_identification:_identify(.) by extension 'ros'
[1.719s] Level 1:colcon.colcon_core.package_identification:_identify(.) by extensions ['cmake', 'python']
[1.719s] Level 1:colcon.colcon_core.package_identification:_identify(.) by extension 'cmake'
[1.719s] Level 1:colcon.colcon_core.package_identification:_identify(.) by extension 'python'
[1.719s] Level 1:colcon.colcon_core.package_identification:_identify(.) by extensions ['python_setup_py']
[1.719s] Level 1:colcon.colcon_core.package_identification:_identify(.) by extension 'python_setup_py'
[1.719s] Level 1:colcon.colcon_core.package_identification:_identify(build) by extensions ['ignore', 'ignore_ament_install']
[1.720s] Level 1:colcon.colcon_core.package_identification:_identify(build) by extension 'ignore'
[1.720s] Level 1:colcon.colcon_core.package_identification:_identify(build) ignored
[1.720s] Level 1:colcon.colcon_core.package_identification:_identify(install) by extensions ['ignore', 'ignore_ament_install']
[1.720s] Level 1:colcon.colcon_core.package_identification:_identify(install) by extension 'ignore'
[1.720s] Level 1:colcon.colcon_core.package_identification:_identify(install) ignored
[1.720s] Level 1:colcon.colcon_core.package_identification:_identify(log) by extensions ['ignore', 'ignore_ament_install']
[1.721s] Level 1:colcon.colcon_core.package_identification:_identify(log) by extension 'ignore'
[1.721s] Level 1:colcon.colcon_core.package_identification:_identify(log) ignored
[1.721s] Level 1:colcon.colcon_core.package_identification:_identify(src) by extensions ['ignore', 'ignore_ament_install']
[1.721s] Level 1:colcon.colcon_core.package_identification:_identify(src) by extension 'ignore'
[1.721s] Level 1:colcon.colcon_core.package_identification:_identify(src) by extension 'ignore_ament_install'
[1.721s] Level 1:colcon.colcon_core.package_identification:_identify(src) by extensions ['colcon_pkg']
[1.721s] Level 1:colcon.colcon_core.package_identification:_identify(src) by extension 'colcon_pkg'
[1.721s] Level 1:colcon.colcon_core.package_identification:_identify(src) by extensions ['colcon_meta']
[1.721s] Level 1:colcon.colcon_core.package_identification:_identify(src) by extension 'colcon_meta'
[1.721s] Level 1:colcon.colcon_core.package_identification:_identify(src) by extensions ['ros']
[1.722s] Level 1:colcon.colcon_core.package_identification:_identify(src) by extension 'ros'
[1.722s] Level 1:colcon.colcon_core.package_identification:_identify(src) by extensions ['cmake', 'python']
[1.722s] Level 1:colcon.colcon_core.package_identification:_identify(src) by extension 'cmake'
[1.722s] Level 1:colcon.colcon_core.package_identification:_identify(src) by extension 'python'
[1.722s] Level 1:colcon.colcon_core.package_identification:_identify(src) by extensions ['python_setup_py']
[1.722s] Level 1:colcon.colcon_core.package_identification:_identify(src) by extension 'python_setup_py'
[1.722s] Level 1:colcon.colcon_core.package_identification:_identify(src/my_package) by extensions ['ignore', 'ignore_ament_install']
[1.722s] Level 1:colcon.colcon_core.package_identification:_identify(src/my_package) by extension 'ignore'
[1.722s] Level 1:colcon.colcon_core.package_identification:_identify(src/my_package) by extension 'ignore_ament_install'
[1.722s] Level 1:colcon.colcon_core.package_identification:_identify(src/my_package) by extensions ['colcon_pkg']
[1.723s] Level 1:colcon.colcon_core.package_identification:_identify(src/my_package) by extension 'colcon_pkg'
[1.723s] Level 1:colcon.colcon_core.package_identification:_identify(src/my_package) by extensions ['colcon_meta']
[1.723s] Level 1:colcon.colcon_core.package_identification:_identify(src/my_package) by extension 'colcon_meta'
[1.723s] Level 1:colcon.colcon_core.package_identification:_identify(src/my_package) by extensions ['ros']
[1.723s] Level 1:colcon.colcon_core.package_identification:_identify(src/my_package) by extension 'ros'
[1.726s] DEBUG:colcon.colcon_core.package_identification:Package 'src/my_package' with type 'ros.ament_cmake' and name 'my_package'
[1.726s] Level 1:colcon.colcon_core.package_discovery:discover_packages(recursive) using defaults
[1.726s] Level 1:colcon.colcon_core.package_discovery:discover_packages(ignore) discover
[1.726s] Level 1:colcon.colcon_core.package_discovery:discover_packages(ignore) using defaults
[1.726s] Level 1:colcon.colcon_core.package_discovery:discover_packages(path) discover
[1.727s] Level 1:colcon.colcon_core.package_discovery:discover_packages(path) using defaults
[1.872s] Level 1:colcon.colcon_core.package_discovery:discover_packages(prefix_path) check parameters
[1.872s] Level 1:colcon.colcon_core.package_discovery:discover_packages(prefix_path) discover
[1.921s] DEBUG:colcon.colcon_installed_package_information.package_discovery:Found 1 installed packages in /home/parallels/dev_ws/install
[1.945s] DEBUG:colcon.colcon_installed_package_information.package_discovery:Found 327 installed packages in /opt/ros/humble
[1.947s] Level 1:colcon.colcon_core.package_discovery:discover_packages(prefix_path) using defaults
[2.115s] Level 5:colcon.colcon_core.verb:set package 'my_package' build argument 'cmake_args' from command line to 'None'
[2.115s] Level 5:colcon.colcon_core.verb:set package 'my_package' build argument 'cmake_target' from command line to 'None'
[2.115s] Level 5:colcon.colcon_core.verb:set package 'my_package' build argument 'cmake_target_skip_unavailable' from command line to 'False'
[2.115s] Level 5:colcon.colcon_core.verb:set package 'my_package' build argument 'cmake_clean_cache' from command line to 'False'
[2.115s] Level 5:colcon.colcon_core.verb:set package 'my_package' build argument 'cmake_clean_first' from command line to 'False'
[2.115s] Level 5:colcon.colcon_core.verb:set package 'my_package' build argument 'cmake_force_configure' from command line to 'False'
[2.115s] Level 5:colcon.colcon_core.verb:set package 'my_package' build argument 'ament_cmake_args' from command line to 'None'
[2.115s] Level 5:colcon.colcon_core.verb:set package 'my_package' build argument 'catkin_cmake_args' from command line to 'None'
[2.115s] Level 5:colcon.colcon_core.verb:set package 'my_package' build argument 'catkin_skip_building_tests' from command line to 'False'
[2.116s] DEBUG:colcon.colcon_core.verb:Building package 'my_package' with the following arguments: {'ament_cmake_args': None, 'build_base': '/home/parallels/dev_ws/build/my_package', 'catkin_cmake_args': None, 'catkin_skip_building_tests': False, 'cmake_args': None, 'cmake_clean_cache': False, 'cmake_clean_first': False, 'cmake_force_configure': False, 'cmake_target': None, 'cmake_target_skip_unavailable': False, 'install_base': '/home/parallels/dev_ws/install/my_package', 'merge_install': False, 'path': '/home/parallels/dev_ws/src/my_package', 'symlink_install': True, 'test_result_base': None}
[2.139s] INFO:colcon.colcon_core.executor:Executing jobs using 'parallel' executor
[2.163s] DEBUG:colcon.colcon_parallel_executor.executor.parallel:run_until_complete
[2.164s] INFO:colcon.colcon_ros.task.ament_cmake.build:Building ROS package in '/home/parallels/dev_ws/src/my_package' with build type 'ament_cmake'
[2.164s] INFO:colcon.colcon_cmake.task.cmake.build:Building CMake package in '/home/parallels/dev_ws/src/my_package'
[2.192s] INFO:colcon.colcon_core.plugin_system:Skipping extension 'colcon_core.shell.bat': Not used on non-Windows systems
[2.193s] INFO:colcon.colcon_core.shell:Skip shell extension 'powershell' for command environment: Not usable outside of PowerShell
[2.193s] DEBUG:colcon.colcon_core.shell:Skip shell extension 'dsv' for command environment
[2.277s] DEBUG:colcon.colcon_core.event_handler.log_command:Invoking command in '/home/parallels/dev_ws/build/my_package': CMAKE_PREFIX_PATH=${CMAKE_PREFIX_PATH}:/opt/ros/humble /usr/bin/cmake --build /home/parallels/dev_ws/build/my_package -- -j4 -l4
[2.340s] DEBUG:colcon.colcon_core.event_handler.log_command:Invoked command in '/home/parallels/dev_ws/build/my_package' returned '0': CMAKE_PREFIX_PATH=${CMAKE_PREFIX_PATH}:/opt/ros/humble /usr/bin/cmake --build /home/parallels/dev_ws/build/my_package -- -j4 -l4
[2.396s] DEBUG:colcon.colcon_core.event_handler.log_command:Invoking command in '/home/parallels/dev_ws/build/my_package': CMAKE_PREFIX_PATH=${CMAKE_PREFIX_PATH}:/opt/ros/humble /usr/bin/cmake --install /home/parallels/dev_ws/build/my_package
[2.438s] Level 1:colcon.colcon_core.environment:create_environment_scripts_only(my_package)
[2.438s] DEBUG:colcon.colcon_core.event_handler.log_command:Invoked command in '/home/parallels/dev_ws/build/my_package' returned '0': CMAKE_PREFIX_PATH=${CMAKE_PREFIX_PATH}:/opt/ros/humble /usr/bin/cmake --install /home/parallels/dev_ws/build/my_package
[2.465s] Level 1:colcon.colcon_core.environment:checking '/home/parallels/dev_ws/install/my_package' for CMake module files
[2.467s] Level 1:colcon.colcon_core.environment:checking '/home/parallels/dev_ws/install/my_package' for CMake config files
[2.467s] Level 1:colcon.colcon_core.shell:create_environment_hook('my_package', 'cmake_prefix_path')
[2.492s] INFO:colcon.colcon_core.shell:Creating environment hook '/home/parallels/dev_ws/install/my_package/share/my_package/hook/cmake_prefix_path.ps1'
[2.493s] INFO:colcon.colcon_core.shell:Creating environment descriptor '/home/parallels/dev_ws/install/my_package/share/my_package/hook/cmake_prefix_path.dsv'
[2.493s] INFO:colcon.colcon_core.shell:Creating environment hook '/home/parallels/dev_ws/install/my_package/share/my_package/hook/cmake_prefix_path.sh'
[2.495s] Level 1:colcon.colcon_core.environment:checking '/home/parallels/dev_ws/install/my_package/bin'
[2.495s] Level 1:colcon.colcon_core.environment:checking '/home/parallels/dev_ws/install/my_package/lib/pkgconfig/my_package.pc'
[2.495s] Level 1:colcon.colcon_core.environment:checking '/home/parallels/dev_ws/install/my_package/lib/python3.10/site-packages'
[2.496s] Level 1:colcon.colcon_core.environment:checking '/home/parallels/dev_ws/install/my_package/bin'
[2.519s] INFO:colcon.colcon_core.shell:Creating package script '/home/parallels/dev_ws/install/my_package/share/my_package/package.ps1'
[2.520s] INFO:colcon.colcon_core.shell:Creating package descriptor '/home/parallels/dev_ws/install/my_package/share/my_package/package.dsv'
[2.521s] INFO:colcon.colcon_core.shell:Creating package script '/home/parallels/dev_ws/install/my_package/share/my_package/package.sh'
[2.522s] INFO:colcon.colcon_core.shell:Creating package script '/home/parallels/dev_ws/install/my_package/share/my_package/package.bash'
[2.523s] INFO:colcon.colcon_core.shell:Creating package script '/home/parallels/dev_ws/install/my_package/share/my_package/package.zsh'
[2.524s] Level 1:colcon.colcon_core.environment:create_file_with_runtime_dependencies(/home/parallels/dev_ws/install/my_package/share/colcon-core/packages/my_package)
[2.585s] Level 1:colcon.colcon_core.environment:create_environment_scripts_only(my_package)
[2.610s] Level 1:colcon.colcon_core.environment:checking '/home/parallels/dev_ws/install/my_package' for CMake module files
[2.612s] Level 1:colcon.colcon_core.environment:checking '/home/parallels/dev_ws/install/my_package' for CMake config files
[2.613s] Level 1:colcon.colcon_core.shell:create_environment_hook('my_package', 'cmake_prefix_path')
[2.637s] INFO:colcon.colcon_core.shell:Creating environment hook '/home/parallels/dev_ws/install/my_package/share/my_package/hook/cmake_prefix_path.ps1'
[2.638s] INFO:colcon.colcon_core.shell:Creating environment descriptor '/home/parallels/dev_ws/install/my_package/share/my_package/hook/cmake_prefix_path.dsv'
[2.639s] INFO:colcon.colcon_core.shell:Creating environment hook '/home/parallels/dev_ws/install/my_package/share/my_package/hook/cmake_prefix_path.sh'
[2.639s] Level 1:colcon.colcon_core.environment:checking '/home/parallels/dev_ws/install/my_package/bin'
[2.640s] Level 1:colcon.colcon_core.environment:checking '/home/parallels/dev_ws/install/my_package/lib/pkgconfig/my_package.pc'
[2.640s] Level 1:colcon.colcon_core.environment:checking '/home/parallels/dev_ws/install/my_package/lib/python3.10/site-packages'
[2.640s] Level 1:colcon.colcon_core.environment:checking '/home/parallels/dev_ws/install/my_package/bin'
[2.664s] INFO:colcon.colcon_core.shell:Creating package script '/home/parallels/dev_ws/install/my_package/share/my_package/package.ps1'
[2.665s] INFO:colcon.colcon_core.shell:Creating package descriptor '/home/parallels/dev_ws/install/my_package/share/my_package/package.dsv'
[2.666s] INFO:colcon.colcon_core.shell:Creating package script '/home/parallels/dev_ws/install/my_package/share/my_package/package.sh'
[2.666s] INFO:colcon.colcon_core.shell:Creating package script '/home/parallels/dev_ws/install/my_package/share/my_package/package.bash'
[2.667s] INFO:colcon.colcon_core.shell:Creating package script '/home/parallels/dev_ws/install/my_package/share/my_package/package.zsh'
[2.668s] Level 1:colcon.colcon_core.environment:create_file_with_runtime_dependencies(/home/parallels/dev_ws/install/my_package/share/colcon-core/packages/my_package)
[2.669s] DEBUG:colcon.colcon_parallel_executor.executor.parallel:closing loop
[2.669s] DEBUG:colcon.colcon_parallel_executor.executor.parallel:loop closed
[2.669s] DEBUG:colcon.colcon_parallel_executor.executor.parallel:run_until_complete finished with '0'
[2.670s] DEBUG:colcon.colcon_core.event_reactor:joining thread
[2.701s] INFO:colcon.colcon_core.plugin_system:Skipping extension 'colcon_notification.desktop_notification.terminal_notifier': Not used on non-Darwin systems
[2.701s] INFO:colcon.colcon_core.plugin_system:Skipping extension 'colcon_notification.desktop_notification.win32': Not used on non-Windows systems
[2.701s] INFO:colcon.colcon_notification.desktop_notification:Sending desktop notification using 'notify2'
[2.719s] DEBUG:colcon.colcon_core.event_reactor:joined thread
[2.743s] INFO:colcon.colcon_core.shell:Creating prefix script '/home/parallels/dev_ws/install/local_setup.ps1'
[2.744s] INFO:colcon.colcon_core.shell:Creating prefix util module '/home/parallels/dev_ws/install/_local_setup_util_ps1.py'
[2.746s] INFO:colcon.colcon_core.shell:Creating prefix chain script '/home/parallels/dev_ws/install/setup.ps1'
[2.771s] INFO:colcon.colcon_core.shell:Creating prefix script '/home/parallels/dev_ws/install/local_setup.sh'
[2.772s] INFO:colcon.colcon_core.shell:Creating prefix util module '/home/parallels/dev_ws/install/_local_setup_util_sh.py'
[2.773s] INFO:colcon.colcon_core.shell:Creating prefix chain script '/home/parallels/dev_ws/install/setup.sh'
[2.798s] INFO:colcon.colcon_core.shell:Creating prefix script '/home/parallels/dev_ws/install/local_setup.bash'
[2.798s] INFO:colcon.colcon_core.shell:Creating prefix chain script '/home/parallels/dev_ws/install/setup.bash'
[2.823s] INFO:colcon.colcon_core.shell:Creating prefix script '/home/parallels/dev_ws/install/local_setup.zsh'
[2.824s] INFO:colcon.colcon_core.shell:Creating prefix chain script '/home/parallels/dev_ws/install/setup.zsh'
